<?xml version="1.0" encoding="utf-8"?>
<testsuites>
    <testsuite name="MsTestSample.DataDriven" hostname="GFOIDL-PC-2018" package=".NET Core" id="0" tests="5" failures="0" errors="0" skipped="0" time="1.034" timestamp="2019-04-18T18:31:06">
        <properties />
        <testcase name="Slow_test" classname="MsTestSample.DataDriven" time="1.001" />
        <testcase name="Two_pass_one_fails (0)" classname="MsTestSample.DataDriven" time="0.005" />
        <testcase name="Two_pass_one_fails (1)" classname="MsTestSample.DataDriven" time="0.028" />
        <testcase name="Two_pass_one_fails (2)" classname="MsTestSample.DataDriven" time="0.000" />
        <testcase name="Failing_test" classname="MsTestSample.DataDriven" time="0.001" />
        <system-out />
        <system-err />
    </testsuite>
</testsuites>
