<?xml version="1.0" encoding="utf-8"?>
<testsuites>
    <testsuite name="SimpleUnitTest.SimpleTests" hostname="GFOIDL-PC-2018" package=".NET Core" id="0" tests="3" failures="1" errors="0" skipped="0" time="1.054" timestamp="2018-07-10T12:16:55">
        <properties />
        <testcase name="Passing_test" classname="SimpleUnitTest.SimpleTests" time="0.001" />
        <testcase name="Failing_test" classname="SimpleUnitTest.SimpleTests" time="0.054">
            <failure message="Failing for demo purposes" type="not specified" />
        </testcase>
        <testcase name="Slow_test" classname="SimpleUnitTest.SimpleTests" time="0.999" />
        <system-out />
        <system-err />
    </testsuite>
</testsuites>
