<?xml version="1.0" encoding="UTF-8"?>
<TestRun id="3b5461ba-3ae9-4f39-a9c8-c0e50da27100" name="USSETest01@USSETEST01-PC 2019-05-23 15:41:26" runUser="USSETest01-PC\USSETest01" xmlns="http://microsoft.com/schemas/VisualStudio/TeamTest/2010">
  <TestSettings name="Default Test Settings" id="d4d3f49d-420d-4918-b55d-580f62cb6a04">
    <Deployment userDeploymentRoot="D:\Jenkins\workspace\SSE\UITest" useDefaultDeploymentRoot="false" runDeploymentRoot="USSETest01_USSETEST01-PC 2019-05-23 15_41_26" />
    <Execution>
      <TestTypeSpecific />
      <AgentRule name="Execution Agents">
      </AgentRule>
    </Execution>
    <Properties />
  </TestSettings>
  <Times creation="2019-05-23T15:41:26.0590737+05:30" queuing="2019-05-23T15:41:26.3742011+05:30" start="2019-05-23T15:41:26.4529898+05:30" finish="2019-05-23T16:11:39.8431393+05:30" />
  <ResultSummary outcome="Timeout">
    <Counters total="136" executed="61" passed="9" error="0" failed="8" timeout="1" aborted="1" inconclusive="42" passedButRunAborted="0" notRunnable="0" notExecuted="75" disconnected="0" warning="0" completed="0" inProgress="0" pending="0" />
    <Output>
      <StdOut>Done with the All tests, closing SSE UI Application
</StdOut>
    </Output>
  </ResultSummary>
  <TestDefinitions>
    <UnitTest name="Duplicate_Registers_Addition" storage="d:\jenkins\workspace\sse\uitest\sse.test\bin\release\sse.test.dll" id="6116171a-6f44-57d3-aabf-0fa28296ee8d">
      <TestMethod codeBase="d:/jenkins/workspace/sse/uitest/sse.test/bin/release/SSE.Test.DLL" adapterTypeName="Microsoft.VisualStudio.TestTools.TestTypes.Unit.UnitTestAdapter, Microsoft.VisualStudio.QualityTools.Tips.UnitTest.Adapter, Version=15.0.0.0, Culture=neutral, PublicKeyToken=b03f5f7f11d50a3a" className="SSE.Test.SSE.Test.SOAP.SOAPDevice, SSE.Test, Version=1.0.0.0, Culture=neutral, PublicKeyToken=null" name="Duplicate_Registers_Addition" />
    </UnitTest>
    <UnitTest name="CP_RunMode_Company" storage="d:\jenkins\workspace\sse\uitest\sse.test\bin\release\sse.test.dll" id="b60ca71f-2584-90aa-852a-243e8bc48b9a">
      <TestMethod codeBase="d:/jenkins/workspace/sse/uitest/sse.test/bin/release/SSE.Test.DLL" adapterTypeName="Microsoft.VisualStudio.TestTools.TestTypes.Unit.UnitTestAdapter, Microsoft.VisualStudio.QualityTools.Tips.UnitTest.Adapter, Version=15.0.0.0, Culture=neutral, PublicKeyToken=b03f5f7f11d50a3a" className="SSE.Test.GridTree.GridTreeCopyPaste, SSE.Test, Version=1.0.0.0, Culture=neutral, PublicKeyToken=null" name="CP_RunMode_Company" />
    </UnitTest>
    <UnitTest name="CP_Company_Substation" storage="d:\jenkins\workspace\sse\uitest\sse.test\bin\release\sse.test.dll" id="924689af-930b-0c24-9510-aa4aef3749f0">
      <Properties>
        <Property>
          <Key>__Internal_DeclaringClassName__</Key>
          <Value>SSE.Test.GridTree.GridTreeCopyPaste</Value>
        </Property>
      </Properties>
      <TestMethod codeBase="d:/jenkins/workspace/sse/uitest/sse.test/bin/release/SSE.Test.DLL" adapterTypeName="Microsoft.VisualStudio.TestTools.TestTypes.Unit.UnitTestAdapter, Microsoft.VisualStudio.QualityTools.Tips.UnitTest.Adapter, Version=15.0.0.0, Culture=neutral, PublicKeyToken=b03f5f7f11d50a3a" className="SSE.Test.IEDTree.IEDTreeCopyPaste, SSE.Test, Version=1.0.0.0, Culture=neutral, PublicKeyToken=null" name="CP_Company_Substation" />
    </UnitTest>
    <UnitTest name="CP_Transformer_Itself" storage="d:\jenkins\workspace\sse\uitest\sse.test\bin\release\sse.test.dll" id="758d3c70-1a9f-51f6-1e09-13ffc6d6ed72">
      <Properties>
        <Property>
          <Key>__Internal_DeclaringClassName__</Key>
          <Value>SSE.Test.GridTree.GridTreeCopyPaste</Value>
        </Property>
      </Properties>
      <TestMethod codeBase="d:/jenkins/workspace/sse/uitest/sse.test/bin/release/SSE.Test.DLL" adapterTypeName="Microsoft.VisualStudio.TestTools.TestTypes.Unit.UnitTestAdapter, Microsoft.VisualStudio.QualityTools.Tips.UnitTest.Adapter, Version=15.0.0.0, Culture=neutral, PublicKeyToken=b03f5f7f11d50a3a" className="SSE.Test.IEDTree.IEDTreeCopyPaste, SSE.Test, Version=1.0.0.0, Culture=neutral, PublicKeyToken=null" name="CP_Transformer_Itself" />
    </UnitTest>
    <UnitTest name="EditNameplateInReadOnly" storage="d:\jenkins\workspace\sse\uitest\sse.test\bin\release\sse.test.dll" id="1ad07c78-ddaa-eca4-b3a1-51a06114e69a">
      <TestMethod codeBase="d:/jenkins/workspace/sse/uitest/sse.test/bin/release/SSE.Test.DLL" adapterTypeName="Microsoft.VisualStudio.TestTools.TestTypes.Unit.UnitTestAdapter, Microsoft.VisualStudio.QualityTools.Tips.UnitTest.Adapter, Version=15.0.0.0, Culture=neutral, PublicKeyToken=b03f5f7f11d50a3a" className="SSE.Test.Grid.Nameplate, SSE.Test, Version=1.0.0.0, Culture=neutral, PublicKeyToken=null" name="EditNameplateInReadOnly" />
    </UnitTest>
    <UnitTest name="AddCompanyToSubstation" storage="d:\jenkins\workspace\sse\uitest\sse.test\bin\release\sse.test.dll" id="507c4d4a-e79f-2aa6-4f54-26d224f6c959">
      <TestMethod codeBase="d:/jenkins/workspace/sse/uitest/sse.test/bin/release/SSE.Test.DLL" adapterTypeName="Microsoft.VisualStudio.TestTools.TestTypes.Unit.UnitTestAdapter, Microsoft.VisualStudio.QualityTools.Tips.UnitTest.Adapter, Version=15.0.0.0, Culture=neutral, PublicKeyToken=b03f5f7f11d50a3a" className="SSE.Test.IEDTree.AdditionNode, SSE.Test, Version=1.0.0.0, Culture=neutral, PublicKeyToken=null" name="AddCompanyToSubstation" />
    </UnitTest>
    <UnitTest name="AddSubstationToSubstation" storage="d:\jenkins\workspace\sse\uitest\sse.test\bin\release\sse.test.dll" id="e844fd62-8f3b-5508-348f-cab0d0291a0d">
      <TestMethod codeBase="d:/jenkins/workspace/sse/uitest/sse.test/bin/release/SSE.Test.DLL" adapterTypeName="Microsoft.VisualStudio.TestTools.TestTypes.Unit.UnitTestAdapter, Microsoft.VisualStudio.QualityTools.Tips.UnitTest.Adapter, Version=15.0.0.0, Culture=neutral, PublicKeyToken=b03f5f7f11d50a3a" className="SSE.Test.GridTree.AdditionNode, SSE.Test, Version=1.0.0.0, Culture=neutral, PublicKeyToken=null" name="AddSubstationToSubstation" />
    </UnitTest>
    <UnitTest name="AddIEDRegionToCompany" storage="d:\jenkins\workspace\sse\uitest\sse.test\bin\release\sse.test.dll" id="8bc0e340-d0f2-42c4-5446-5ae10ce52d13">
      <TestMethod codeBase="d:/jenkins/workspace/sse/uitest/sse.test/bin/release/SSE.Test.DLL" adapterTypeName="Microsoft.VisualStudio.TestTools.TestTypes.Unit.UnitTestAdapter, Microsoft.VisualStudio.QualityTools.Tips.UnitTest.Adapter, Version=15.0.0.0, Culture=neutral, PublicKeyToken=b03f5f7f11d50a3a" className="SSE.Test.IEDTree.AdditionNode, SSE.Test, Version=1.0.0.0, Culture=neutral, PublicKeyToken=null" name="AddIEDRegionToCompany" />
    </UnitTest>
    <UnitTest name="Exists" storage="d:\jenkins\workspace\sse\uitest\sse.test\bin\release\sse.test.dll" id="7351473a-3252-c619-1dbb-85cdd28ed2eb">
      <TestMethod codeBase="d:/jenkins/workspace/sse/uitest/sse.test/bin/release/SSE.Test.DLL" adapterTypeName="Microsoft.VisualStudio.TestTools.TestTypes.Unit.UnitTestAdapter, Microsoft.VisualStudio.QualityTools.Tips.UnitTest.Adapter, Version=15.0.0.0, Culture=neutral, PublicKeyToken=b03f5f7f11d50a3a" className="SSE.Test.Charts.ChartControlTest, SSE.Test, Version=1.0.0.0, Culture=neutral, PublicKeyToken=null" name="Exists" />
    </UnitTest>
    <UnitTest name="CP_Substation_Transformer" storage="d:\jenkins\workspace\sse\uitest\sse.test\bin\release\sse.test.dll" id="86356f8a-a86c-fdb5-3332-a9b615fc1954">
      <Properties>
        <Property>
          <Key>__Internal_DeclaringClassName__</Key>
          <Value>SSE.Test.GridTree.GridTreeCopyPaste</Value>
        </Property>
      </Properties>
      <TestMethod codeBase="d:/jenkins/workspace/sse/uitest/sse.test/bin/release/SSE.Test.DLL" adapterTypeName="Microsoft.VisualStudio.TestTools.TestTypes.Unit.UnitTestAdapter, Microsoft.VisualStudio.QualityTools.Tips.UnitTest.Adapter, Version=15.0.0.0, Culture=neutral, PublicKeyToken=b03f5f7f11d50a3a" className="SSE.Test.IEDTree.IEDTreeCopyPaste, SSE.Test, Version=1.0.0.0, Culture=neutral, PublicKeyToken=null" name="CP_Substation_Transformer" />
    </UnitTest>
    <UnitTest name="AnalyticCheckOnComponent" storage="d:\jenkins\workspace\sse\uitest\sse.test\bin\release\sse.test.dll" id="f333878f-8303-f20c-f0e5-1411e1ecdacf">
      <TestMethod codeBase="d:/jenkins/workspace/sse/uitest/sse.test/bin/release/SSE.Test.DLL" adapterTypeName="Microsoft.VisualStudio.TestTools.TestTypes.Unit.UnitTestAdapter, Microsoft.VisualStudio.QualityTools.Tips.UnitTest.Adapter, Version=15.0.0.0, Culture=neutral, PublicKeyToken=b03f5f7f11d50a3a" className="SSE.Test.GridTree.ContextMenu, SSE.Test, Version=1.0.0.0, Culture=neutral, PublicKeyToken=null" name="AnalyticCheckOnComponent" />
    </UnitTest>
    <UnitTest name="DataExport_10years_120points" storage="d:\jenkins\workspace\sse\uitest\sse.test\bin\release\sse.test.dll" id="b0140906-03f9-648d-ebf9-d00e8352c64e">
      <TestMethod codeBase="d:/jenkins/workspace/sse/uitest/sse.test/bin/release/SSE.Test.DLL" adapterTypeName="Microsoft.VisualStudio.TestTools.TestTypes.Unit.UnitTestAdapter, Microsoft.VisualStudio.QualityTools.Tips.UnitTest.Adapter, Version=15.0.0.0, Culture=neutral, PublicKeyToken=b03f5f7f11d50a3a" className="SSE.Test.DataExport.DataExport, SSE.Test, Version=1.0.0.0, Culture=neutral, PublicKeyToken=null" name="DataExport_10years_120points" />
    </UnitTest>
    <UnitTest name="CP_Transformer_Itself_hotkeys" storage="d:\jenkins\workspace\sse\uitest\sse.test\bin\release\sse.test.dll" id="a3e9fd4d-c2bb-7836-91d2-a95d117ac2f5">
      <TestMethod codeBase="d:/jenkins/workspace/sse/uitest/sse.test/bin/release/SSE.Test.DLL" adapterTypeName="Microsoft.VisualStudio.TestTools.TestTypes.Unit.UnitTestAdapter, Microsoft.VisualStudio.QualityTools.Tips.UnitTest.Adapter, Version=15.0.0.0, Culture=neutral, PublicKeyToken=b03f5f7f11d50a3a" className="SSE.Test.GridTree.GridTreeCopyPaste, SSE.Test, Version=1.0.0.0, Culture=neutral, PublicKeyToken=null" name="CP_Transformer_Itself_hotkeys" />
    </UnitTest>
    <UnitTest name="TestDialogHasRightDates" storage="d:\jenkins\workspace\sse\uitest\sse.test\bin\release\sse.test.dll" id="406534a0-15eb-7aa9-7dd5-502bd76c9880">
      <TestMethod codeBase="d:/jenkins/workspace/sse/uitest/sse.test/bin/release/SSE.Test.DLL" adapterTypeName="Microsoft.VisualStudio.TestTools.TestTypes.Unit.UnitTestAdapter, Microsoft.VisualStudio.QualityTools.Tips.UnitTest.Adapter, Version=15.0.0.0, Culture=neutral, PublicKeyToken=b03f5f7f11d50a3a" className="SSE.Test.Charts.ChartExportTest, SSE.Test, Version=1.0.0.0, Culture=neutral, PublicKeyToken=null" name="TestDialogHasRightDates" />
    </UnitTest>
    <UnitTest name="CP_Substation_Itself" storage="d:\jenkins\workspace\sse\uitest\sse.test\bin\release\sse.test.dll" id="6cea8428-682b-78fd-f205-3960b7359313">
      <Properties>
        <Property>
          <Key>__Internal_DeclaringClassName__</Key>
          <Value>SSE.Test.GridTree.GridTreeCopyPaste</Value>
        </Property>
      </Properties>
      <TestMethod codeBase="d:/jenkins/workspace/sse/uitest/sse.test/bin/release/SSE.Test.DLL" adapterTypeName="Microsoft.VisualStudio.TestTools.TestTypes.Unit.UnitTestAdapter, Microsoft.VisualStudio.QualityTools.Tips.UnitTest.Adapter, Version=15.0.0.0, Culture=neutral, PublicKeyToken=b03f5f7f11d50a3a" className="SSE.Test.IEDTree.IEDTreeCopyPaste, SSE.Test, Version=1.0.0.0, Culture=neutral, PublicKeyToken=null" name="CP_Substation_Itself" />
    </UnitTest>
    <UnitTest name="AddPointNodeToCompany" storage="d:\jenkins\workspace\sse\uitest\sse.test\bin\release\sse.test.dll" id="999290e7-c24b-cd50-7747-ee168985d531">
      <TestMethod codeBase="d:/jenkins/workspace/sse/uitest/sse.test/bin/release/SSE.Test.DLL" adapterTypeName="Microsoft.VisualStudio.TestTools.TestTypes.Unit.UnitTestAdapter, Microsoft.VisualStudio.QualityTools.Tips.UnitTest.Adapter, Version=15.0.0.0, Culture=neutral, PublicKeyToken=b03f5f7f11d50a3a" className="SSE.Test.GridTree.AdditionNode, SSE.Test, Version=1.0.0.0, Culture=neutral, PublicKeyToken=null" name="AddPointNodeToCompany" />
    </UnitTest>
    <UnitTest name="VerifyImageOnDashboard_10MB" storage="d:\jenkins\workspace\sse\uitest\sse.test\bin\release\sse.test.dll" id="c18b824a-bd8b-cb80-caff-ecd946149d8e">
      <TestMethod codeBase="d:/jenkins/workspace/sse/uitest/sse.test/bin/release/SSE.Test.DLL" adapterTypeName="Microsoft.VisualStudio.TestTools.TestTypes.Unit.UnitTestAdapter, Microsoft.VisualStudio.QualityTools.Tips.UnitTest.Adapter, Version=15.0.0.0, Culture=neutral, PublicKeyToken=b03f5f7f11d50a3a" className="SSE.Test.Dashboard.DashboardImages, SSE.Test, Version=1.0.0.0, Culture=neutral, PublicKeyToken=null" name="VerifyImageOnDashboard_10MB" />
    </UnitTest>
    <UnitTest name="CP_IED_QTMSModbus_Company" storage="d:\jenkins\workspace\sse\uitest\sse.test\bin\release\sse.test.dll" id="1aec0887-5425-4125-5c9c-d41f29250df6">
      <TestMethod codeBase="d:/jenkins/workspace/sse/uitest/sse.test/bin/release/SSE.Test.DLL" adapterTypeName="Microsoft.VisualStudio.TestTools.TestTypes.Unit.UnitTestAdapter, Microsoft.VisualStudio.QualityTools.Tips.UnitTest.Adapter, Version=15.0.0.0, Culture=neutral, PublicKeyToken=b03f5f7f11d50a3a" className="SSE.Test.IEDTree.IEDTreeCopyPaste, SSE.Test, Version=1.0.0.0, Culture=neutral, PublicKeyToken=null" name="CP_IED_QTMSModbus_Company" />
    </UnitTest>
    <UnitTest name="ShowLegends" storage="d:\jenkins\workspace\sse\uitest\sse.test\bin\release\sse.test.dll" id="e32415aa-756b-2ef4-6205-093416ee795c">
      <TestMethod codeBase="d:/jenkins/workspace/sse/uitest/sse.test/bin/release/SSE.Test.DLL" adapterTypeName="Microsoft.VisualStudio.TestTools.TestTypes.Unit.UnitTestAdapter, Microsoft.VisualStudio.QualityTools.Tips.UnitTest.Adapter, Version=15.0.0.0, Culture=neutral, PublicKeyToken=b03f5f7f11d50a3a" className="SSE.Test.Charts.ChartControlTest, SSE.Test, Version=1.0.0.0, Culture=neutral, PublicKeyToken=null" name="ShowLegends" />
    </UnitTest>
    <UnitTest name="CP_IED_Soap_Substation" storage="d:\jenkins\workspace\sse\uitest\sse.test\bin\release\sse.test.dll" id="aaaa93ee-d0c7-6e41-d6c5-e02e843b64b1">
      <TestMethod codeBase="d:/jenkins/workspace/sse/uitest/sse.test/bin/release/SSE.Test.DLL" adapterTypeName="Microsoft.VisualStudio.TestTools.TestTypes.Unit.UnitTestAdapter, Microsoft.VisualStudio.QualityTools.Tips.UnitTest.Adapter, Version=15.0.0.0, Culture=neutral, PublicKeyToken=b03f5f7f11d50a3a" className="SSE.Test.IEDTree.IEDTreeCopyPaste, SSE.Test, Version=1.0.0.0, Culture=neutral, PublicKeyToken=null" name="CP_IED_Soap_Substation" />
    </UnitTest>
    <UnitTest name="Delete_DevicePartialRegisters" storage="d:\jenkins\workspace\sse\uitest\sse.test\bin\release\sse.test.dll" id="12266b95-98b7-07e8-c550-fb3894fd2fa8">
      <TestMethod codeBase="d:/jenkins/workspace/sse/uitest/sse.test/bin/release/SSE.Test.DLL" adapterTypeName="Microsoft.VisualStudio.TestTools.TestTypes.Unit.UnitTestAdapter, Microsoft.VisualStudio.QualityTools.Tips.UnitTest.Adapter, Version=15.0.0.0, Culture=neutral, PublicKeyToken=b03f5f7f11d50a3a" className="SSE.Test.SSE.Test.SOAP.SOAPDevice, SSE.Test, Version=1.0.0.0, Culture=neutral, PublicKeyToken=null" name="Delete_DevicePartialRegisters" />
    </UnitTest>
    <UnitTest name="GridTreeExpandCollapse" storage="d:\jenkins\workspace\sse\uitest\sse.test\bin\release\sse.test.dll" id="e6d3cdf1-53a0-dc4d-937a-b76dbd477ec9">
      <TestMethod codeBase="d:/jenkins/workspace/sse/uitest/sse.test/bin/release/SSE.Test.DLL" adapterTypeName="Microsoft.VisualStudio.TestTools.TestTypes.Unit.UnitTestAdapter, Microsoft.VisualStudio.QualityTools.Tips.UnitTest.Adapter, Version=15.0.0.0, Culture=neutral, PublicKeyToken=b03f5f7f11d50a3a" className="SSE.Test.CommonTree.CommonExpand, SSE.Test, Version=1.0.0.0, Culture=neutral, PublicKeyToken=null" name="GridTreeExpandCollapse" />
    </UnitTest>
    <UnitTest name="CP_Company_Itself" storage="d:\jenkins\workspace\sse\uitest\sse.test\bin\release\sse.test.dll" id="ea10afdb-d2a0-726e-d867-4736899c1d76">
      <Properties>
        <Property>
          <Key>__Internal_DeclaringClassName__</Key>
          <Value>SSE.Test.GridTree.GridTreeCopyPaste</Value>
        </Property>
      </Properties>
      <TestMethod codeBase="d:/jenkins/workspace/sse/uitest/sse.test/bin/release/SSE.Test.DLL" adapterTypeName="Microsoft.VisualStudio.TestTools.TestTypes.Unit.UnitTestAdapter, Microsoft.VisualStudio.QualityTools.Tips.UnitTest.Adapter, Version=15.0.0.0, Culture=neutral, PublicKeyToken=b03f5f7f11d50a3a" className="SSE.Test.IEDTree.IEDTreeCopyPaste, SSE.Test, Version=1.0.0.0, Culture=neutral, PublicKeyToken=null" name="CP_Company_Itself" />
    </UnitTest>
    <UnitTest name="VerifyPrintButtonExists" storage="d:\jenkins\workspace\sse\uitest\sse.test\bin\release\sse.test.dll" id="8ae4d4ec-ee83-0385-22fb-ab1a4ea9b95e">
      <TestMethod codeBase="d:/jenkins/workspace/sse/uitest/sse.test/bin/release/SSE.Test.DLL" adapterTypeName="Microsoft.VisualStudio.TestTools.TestTypes.Unit.UnitTestAdapter, Microsoft.VisualStudio.QualityTools.Tips.UnitTest.Adapter, Version=15.0.0.0, Culture=neutral, PublicKeyToken=b03f5f7f11d50a3a" className="SSE.Test.Charts.PrintChartTest, SSE.Test, Version=1.0.0.0, Culture=neutral, PublicKeyToken=null" name="VerifyPrintButtonExists" />
    </UnitTest>
    <UnitTest name="Delete_Registers_CheckGIMMapping" storage="d:\jenkins\workspace\sse\uitest\sse.test\bin\release\sse.test.dll" id="45be47d5-caa1-55bc-bd99-58b09f92cc5b">
      <TestMethod codeBase="d:/jenkins/workspace/sse/uitest/sse.test/bin/release/SSE.Test.DLL" adapterTypeName="Microsoft.VisualStudio.TestTools.TestTypes.Unit.UnitTestAdapter, Microsoft.VisualStudio.QualityTools.Tips.UnitTest.Adapter, Version=15.0.0.0, Culture=neutral, PublicKeyToken=b03f5f7f11d50a3a" className="SSE.Test.SSE.Test.SOAP.SOAPDevice, SSE.Test, Version=1.0.0.0, Culture=neutral, PublicKeyToken=null" name="Delete_Registers_CheckGIMMapping" />
    </UnitTest>
    <UnitTest name="VerifyWidgetsPerformance_200" storage="d:\jenkins\workspace\sse\uitest\sse.test\bin\release\sse.test.dll" id="b9960bc5-a19d-0c8b-b10f-7334b150a2b3">
      <TestMethod codeBase="d:/jenkins/workspace/sse/uitest/sse.test/bin/release/SSE.Test.DLL" adapterTypeName="Microsoft.VisualStudio.TestTools.TestTypes.Unit.UnitTestAdapter, Microsoft.VisualStudio.QualityTools.Tips.UnitTest.Adapter, Version=15.0.0.0, Culture=neutral, PublicKeyToken=b03f5f7f11d50a3a" className="SSE.Test.Dashboard.TextWidget, SSE.Test, Version=1.0.0.0, Culture=neutral, PublicKeyToken=null" name="VerifyWidgetsPerformance_200" />
    </UnitTest>
    <UnitTest name="CP_Company_Transformer" storage="d:\jenkins\workspace\sse\uitest\sse.test\bin\release\sse.test.dll" id="a4e63e58-4f3d-09bc-1870-93aa5f566cb5">
      <Properties>
        <Property>
          <Key>__Internal_DeclaringClassName__</Key>
          <Value>SSE.Test.GridTree.GridTreeCopyPaste</Value>
        </Property>
      </Properties>
      <TestMethod codeBase="d:/jenkins/workspace/sse/uitest/sse.test/bin/release/SSE.Test.DLL" adapterTypeName="Microsoft.VisualStudio.TestTools.TestTypes.Unit.UnitTestAdapter, Microsoft.VisualStudio.QualityTools.Tips.UnitTest.Adapter, Version=15.0.0.0, Culture=neutral, PublicKeyToken=b03f5f7f11d50a3a" className="SSE.Test.IEDTree.IEDTreeCopyPaste, SSE.Test, Version=1.0.0.0, Culture=neutral, PublicKeyToken=null" name="CP_Company_Transformer" />
    </UnitTest>
    <UnitTest name="CP_IED_QTMSDNP3_Region" storage="d:\jenkins\workspace\sse\uitest\sse.test\bin\release\sse.test.dll" id="24f55dc7-3cc3-0fe0-f172-ead4d315ffa3">
      <TestMethod codeBase="d:/jenkins/workspace/sse/uitest/sse.test/bin/release/SSE.Test.DLL" adapterTypeName="Microsoft.VisualStudio.TestTools.TestTypes.Unit.UnitTestAdapter, Microsoft.VisualStudio.QualityTools.Tips.UnitTest.Adapter, Version=15.0.0.0, Culture=neutral, PublicKeyToken=b03f5f7f11d50a3a" className="SSE.Test.IEDTree.IEDTreeCopyPaste, SSE.Test, Version=1.0.0.0, Culture=neutral, PublicKeyToken=null" name="CP_IED_QTMSDNP3_Region" />
    </UnitTest>
    <UnitTest name="CP_Region_Transformer" storage="d:\jenkins\workspace\sse\uitest\sse.test\bin\release\sse.test.dll" id="65a31390-1e22-0e04-9fd4-95f6177996e9">
      <TestMethod codeBase="d:/jenkins/workspace/sse/uitest/sse.test/bin/release/SSE.Test.DLL" adapterTypeName="Microsoft.VisualStudio.TestTools.TestTypes.Unit.UnitTestAdapter, Microsoft.VisualStudio.QualityTools.Tips.UnitTest.Adapter, Version=15.0.0.0, Culture=neutral, PublicKeyToken=b03f5f7f11d50a3a" className="SSE.Test.GridTree.GridTreeCopyPaste, SSE.Test, Version=1.0.0.0, Culture=neutral, PublicKeyToken=null" name="CP_Region_Transformer" />
    </UnitTest>
    <UnitTest name="CheckGridTreeSelect" storage="d:\jenkins\workspace\sse\uitest\sse.test\bin\release\sse.test.dll" id="723bc499-c12f-83eb-fafe-90c46d2bfe24">
      <TestMethod codeBase="d:/jenkins/workspace/sse/uitest/sse.test/bin/release/SSE.Test.DLL" adapterTypeName="Microsoft.VisualStudio.TestTools.TestTypes.Unit.UnitTestAdapter, Microsoft.VisualStudio.QualityTools.Tips.UnitTest.Adapter, Version=15.0.0.0, Culture=neutral, PublicKeyToken=b03f5f7f11d50a3a" className="SSE.Test.Alarms.SettingsTests, SSE.Test, Version=1.0.0.0, Culture=neutral, PublicKeyToken=null" name="CheckGridTreeSelect" />
    </UnitTest>
    <UnitTest name="VerifyPollRateForOneMinute" storage="d:\jenkins\workspace\sse\uitest\sse.test\bin\release\sse.test.dll" id="e68f10d9-0dd9-822f-11ce-19406b25c688">
      <TestMethod codeBase="d:/jenkins/workspace/sse/uitest/sse.test/bin/release/SSE.Test.DLL" adapterTypeName="Microsoft.VisualStudio.TestTools.TestTypes.Unit.UnitTestAdapter, Microsoft.VisualStudio.QualityTools.Tips.UnitTest.Adapter, Version=15.0.0.0, Culture=neutral, PublicKeyToken=b03f5f7f11d50a3a" className="SSE.Test.SSE.Test.SOAP.SoapMeasurements, SSE.Test, Version=1.0.0.0, Culture=neutral, PublicKeyToken=null" name="VerifyPollRateForOneMinute" />
    </UnitTest>
    <UnitTest name="AddRootSubstation" storage="d:\jenkins\workspace\sse\uitest\sse.test\bin\release\sse.test.dll" id="3b92637d-0566-3e5c-f9c4-669ba93b7540">
      <TestMethod codeBase="d:/jenkins/workspace/sse/uitest/sse.test/bin/release/SSE.Test.DLL" adapterTypeName="Microsoft.VisualStudio.TestTools.TestTypes.Unit.UnitTestAdapter, Microsoft.VisualStudio.QualityTools.Tips.UnitTest.Adapter, Version=15.0.0.0, Culture=neutral, PublicKeyToken=b03f5f7f11d50a3a" className="SSE.Test.GridTree.AdditionNode, SSE.Test, Version=1.0.0.0, Culture=neutral, PublicKeyToken=null" name="AddRootSubstation" />
    </UnitTest>
    <UnitTest name="Exists" storage="d:\jenkins\workspace\sse\uitest\sse.test\bin\release\sse.test.dll" id="a4767776-bcca-f919-2922-1f63969f440b">
      <TestMethod codeBase="d:/jenkins/workspace/sse/uitest/sse.test/bin/release/SSE.Test.DLL" adapterTypeName="Microsoft.VisualStudio.TestTools.TestTypes.Unit.UnitTestAdapter, Microsoft.VisualStudio.QualityTools.Tips.UnitTest.Adapter, Version=15.0.0.0, Culture=neutral, PublicKeyToken=b03f5f7f11d50a3a" className="SSE.Test.Grid.Nameplate, SSE.Test, Version=1.0.0.0, Culture=neutral, PublicKeyToken=null" name="Exists" />
    </UnitTest>
    <UnitTest name="DataExport_10years_3650points" storage="d:\jenkins\workspace\sse\uitest\sse.test\bin\release\sse.test.dll" id="72e306d2-8701-fa9c-8ce2-8eaeee9b5941">
      <TestMethod codeBase="d:/jenkins/workspace/sse/uitest/sse.test/bin/release/SSE.Test.DLL" adapterTypeName="Microsoft.VisualStudio.TestTools.TestTypes.Unit.UnitTestAdapter, Microsoft.VisualStudio.QualityTools.Tips.UnitTest.Adapter, Version=15.0.0.0, Culture=neutral, PublicKeyToken=b03f5f7f11d50a3a" className="SSE.Test.DataExport.DataExport, SSE.Test, Version=1.0.0.0, Culture=neutral, PublicKeyToken=null" name="DataExport_10years_3650points" />
    </UnitTest>
    <UnitTest name="AddSubstationToPointNode" storage="d:\jenkins\workspace\sse\uitest\sse.test\bin\release\sse.test.dll" id="25bc51f8-d28a-3f8e-f7a1-6a9c0de6f0a8">
      <TestMethod codeBase="d:/jenkins/workspace/sse/uitest/sse.test/bin/release/SSE.Test.DLL" adapterTypeName="Microsoft.VisualStudio.TestTools.TestTypes.Unit.UnitTestAdapter, Microsoft.VisualStudio.QualityTools.Tips.UnitTest.Adapter, Version=15.0.0.0, Culture=neutral, PublicKeyToken=b03f5f7f11d50a3a" className="SSE.Test.GridTree.AdditionNode, SSE.Test, Version=1.0.0.0, Culture=neutral, PublicKeyToken=null" name="AddSubstationToPointNode" />
    </UnitTest>
    <UnitTest name="AddComponentToSubstation" storage="d:\jenkins\workspace\sse\uitest\sse.test\bin\release\sse.test.dll" id="5fe293b6-f576-3462-b4d0-1507da28596e">
      <TestMethod codeBase="d:/jenkins/workspace/sse/uitest/sse.test/bin/release/SSE.Test.DLL" adapterTypeName="Microsoft.VisualStudio.TestTools.TestTypes.Unit.UnitTestAdapter, Microsoft.VisualStudio.QualityTools.Tips.UnitTest.Adapter, Version=15.0.0.0, Culture=neutral, PublicKeyToken=b03f5f7f11d50a3a" className="SSE.Test.GridTree.AdditionNode, SSE.Test, Version=1.0.0.0, Culture=neutral, PublicKeyToken=null" name="AddComponentToSubstation" />
    </UnitTest>
    <UnitTest name="AddIEDOnSubstation" storage="d:\jenkins\workspace\sse\uitest\sse.test\bin\release\sse.test.dll" id="31e185a5-b574-e09f-5525-c433ea0699d0">
      <TestMethod codeBase="d:/jenkins/workspace/sse/uitest/sse.test/bin/release/SSE.Test.DLL" adapterTypeName="Microsoft.VisualStudio.TestTools.TestTypes.Unit.UnitTestAdapter, Microsoft.VisualStudio.QualityTools.Tips.UnitTest.Adapter, Version=15.0.0.0, Culture=neutral, PublicKeyToken=b03f5f7f11d50a3a" className="SSE.Test.IEDTree.AdditionNode, SSE.Test, Version=1.0.0.0, Culture=neutral, PublicKeyToken=null" name="AddIEDOnSubstation" />
    </UnitTest>
    <UnitTest name="Test_sp_IMPORT_get_nodes_by_type" storage="d:\jenkins\workspace\sse\uitest\sse.test\bin\release\sse.test.dll" id="b26b4b2a-f7d9-004b-acdb-e4ed1ea6b02b">
      <TestMethod codeBase="d:/jenkins/workspace/sse/uitest/sse.test/bin/release/SSE.Test.DLL" adapterTypeName="Microsoft.VisualStudio.TestTools.TestTypes.Unit.UnitTestAdapter, Microsoft.VisualStudio.QualityTools.Tips.UnitTest.Adapter, Version=15.0.0.0, Culture=neutral, PublicKeyToken=b03f5f7f11d50a3a" className="SSE.Test.DataImport.DataImport, SSE.Test, Version=1.0.0.0, Culture=neutral, PublicKeyToken=null" name="Test_sp_IMPORT_get_nodes_by_type" />
    </UnitTest>
    <UnitTest name="VerifyImageOnDashboard_20MB" storage="d:\jenkins\workspace\sse\uitest\sse.test\bin\release\sse.test.dll" id="13ad9f44-360a-2a06-9606-b71671825020">
      <TestMethod codeBase="d:/jenkins/workspace/sse/uitest/sse.test/bin/release/SSE.Test.DLL" adapterTypeName="Microsoft.VisualStudio.TestTools.TestTypes.Unit.UnitTestAdapter, Microsoft.VisualStudio.QualityTools.Tips.UnitTest.Adapter, Version=15.0.0.0, Culture=neutral, PublicKeyToken=b03f5f7f11d50a3a" className="SSE.Test.Dashboard.DashboardImages, SSE.Test, Version=1.0.0.0, Culture=neutral, PublicKeyToken=null" name="VerifyImageOnDashboard_20MB" />
    </UnitTest>
    <UnitTest name="CP_Region_Transformer" storage="d:\jenkins\workspace\sse\uitest\sse.test\bin\release\sse.test.dll" id="9e5126f1-3370-7c9f-a8c9-c9cc233eb474">
      <Properties>
        <Property>
          <Key>__Internal_DeclaringClassName__</Key>
          <Value>SSE.Test.GridTree.GridTreeCopyPaste</Value>
        </Property>
      </Properties>
      <TestMethod codeBase="d:/jenkins/workspace/sse/uitest/sse.test/bin/release/SSE.Test.DLL" adapterTypeName="Microsoft.VisualStudio.TestTools.TestTypes.Unit.UnitTestAdapter, Microsoft.VisualStudio.QualityTools.Tips.UnitTest.Adapter, Version=15.0.0.0, Culture=neutral, PublicKeyToken=b03f5f7f11d50a3a" className="SSE.Test.IEDTree.IEDTreeCopyPaste, SSE.Test, Version=1.0.0.0, Culture=neutral, PublicKeyToken=null" name="CP_Region_Transformer" />
    </UnitTest>
    <UnitTest name="CP_Company_Itself" storage="d:\jenkins\workspace\sse\uitest\sse.test\bin\release\sse.test.dll" id="e9653328-4ce5-c07c-d955-c2483aa9a87d">
      <TestMethod codeBase="d:/jenkins/workspace/sse/uitest/sse.test/bin/release/SSE.Test.DLL" adapterTypeName="Microsoft.VisualStudio.TestTools.TestTypes.Unit.UnitTestAdapter, Microsoft.VisualStudio.QualityTools.Tips.UnitTest.Adapter, Version=15.0.0.0, Culture=neutral, PublicKeyToken=b03f5f7f11d50a3a" className="SSE.Test.GridTree.GridTreeCopyPaste, SSE.Test, Version=1.0.0.0, Culture=neutral, PublicKeyToken=null" name="CP_Company_Itself" />
    </UnitTest>
    <UnitTest name="Verify_NavigationWidget_Substation_Transformer" storage="d:\jenkins\workspace\sse\uitest\sse.test\bin\release\sse.test.dll" id="104c8326-15ae-81c0-7102-38f6c7f6b13e">
      <TestMethod codeBase="d:/jenkins/workspace/sse/uitest/sse.test/bin/release/SSE.Test.DLL" adapterTypeName="Microsoft.VisualStudio.TestTools.TestTypes.Unit.UnitTestAdapter, Microsoft.VisualStudio.QualityTools.Tips.UnitTest.Adapter, Version=15.0.0.0, Culture=neutral, PublicKeyToken=b03f5f7f11d50a3a" className="SSE.Test.Dashboard.NavigationWidget, SSE.Test, Version=1.0.0.0, Culture=neutral, PublicKeyToken=null" name="Verify_NavigationWidget_Substation_Transformer" />
    </UnitTest>
    <UnitTest name="CP_Region_Itself_hotkeys" storage="d:\jenkins\workspace\sse\uitest\sse.test\bin\release\sse.test.dll" id="8acdec5f-3b69-faa4-a2ad-8e01e10ee2cb">
      <Properties>
        <Property>
          <Key>__Internal_DeclaringClassName__</Key>
          <Value>SSE.Test.GridTree.GridTreeCopyPaste</Value>
        </Property>
      </Properties>
      <TestMethod codeBase="d:/jenkins/workspace/sse/uitest/sse.test/bin/release/SSE.Test.DLL" adapterTypeName="Microsoft.VisualStudio.TestTools.TestTypes.Unit.UnitTestAdapter, Microsoft.VisualStudio.QualityTools.Tips.UnitTest.Adapter, Version=15.0.0.0, Culture=neutral, PublicKeyToken=b03f5f7f11d50a3a" className="SSE.Test.IEDTree.IEDTreeCopyPaste, SSE.Test, Version=1.0.0.0, Culture=neutral, PublicKeyToken=null" name="CP_Region_Itself_hotkeys" />
    </UnitTest>
    <UnitTest name="CP_RunMode_Company" storage="d:\jenkins\workspace\sse\uitest\sse.test\bin\release\sse.test.dll" id="7c5c6d72-b33e-bfbd-401e-22cad470400f">
      <Properties>
        <Property>
          <Key>__Internal_DeclaringClassName__</Key>
          <Value>SSE.Test.GridTree.GridTreeCopyPaste</Value>
        </Property>
      </Properties>
      <TestMethod codeBase="d:/jenkins/workspace/sse/uitest/sse.test/bin/release/SSE.Test.DLL" adapterTypeName="Microsoft.VisualStudio.TestTools.TestTypes.Unit.UnitTestAdapter, Microsoft.VisualStudio.QualityTools.Tips.UnitTest.Adapter, Version=15.0.0.0, Culture=neutral, PublicKeyToken=b03f5f7f11d50a3a" className="SSE.Test.IEDTree.IEDTreeCopyPaste, SSE.Test, Version=1.0.0.0, Culture=neutral, PublicKeyToken=null" name="CP_RunMode_Company" />
    </UnitTest>
    <UnitTest name="AddRootCompany" storage="d:\jenkins\workspace\sse\uitest\sse.test\bin\release\sse.test.dll" id="cdbce855-8894-fddc-4f49-21175087d679">
      <TestMethod codeBase="d:/jenkins/workspace/sse/uitest/sse.test/bin/release/SSE.Test.DLL" adapterTypeName="Microsoft.VisualStudio.TestTools.TestTypes.Unit.UnitTestAdapter, Microsoft.VisualStudio.QualityTools.Tips.UnitTest.Adapter, Version=15.0.0.0, Culture=neutral, PublicKeyToken=b03f5f7f11d50a3a" className="SSE.Test.GridTree.AdditionNode, SSE.Test, Version=1.0.0.0, Culture=neutral, PublicKeyToken=null" name="AddRootCompany" />
    </UnitTest>
    <UnitTest name="CP_IED_Soap_Region" storage="d:\jenkins\workspace\sse\uitest\sse.test\bin\release\sse.test.dll" id="80ec319d-073e-e00c-84d8-989594c0e007">
      <TestMethod codeBase="d:/jenkins/workspace/sse/uitest/sse.test/bin/release/SSE.Test.DLL" adapterTypeName="Microsoft.VisualStudio.TestTools.TestTypes.Unit.UnitTestAdapter, Microsoft.VisualStudio.QualityTools.Tips.UnitTest.Adapter, Version=15.0.0.0, Culture=neutral, PublicKeyToken=b03f5f7f11d50a3a" className="SSE.Test.IEDTree.IEDTreeCopyPaste, SSE.Test, Version=1.0.0.0, Culture=neutral, PublicKeyToken=null" name="CP_IED_Soap_Region" />
    </UnitTest>
    <UnitTest name="VerifyTooltip" storage="d:\jenkins\workspace\sse\uitest\sse.test\bin\release\sse.test.dll" id="365c84af-e03a-b941-7857-8545d6ac0706">
      <TestMethod codeBase="d:/jenkins/workspace/sse/uitest/sse.test/bin/release/SSE.Test.DLL" adapterTypeName="Microsoft.VisualStudio.TestTools.TestTypes.Unit.UnitTestAdapter, Microsoft.VisualStudio.QualityTools.Tips.UnitTest.Adapter, Version=15.0.0.0, Culture=neutral, PublicKeyToken=b03f5f7f11d50a3a" className="SSE.Test.MainWindow.TimeZoneTooltip, SSE.Test, Version=1.0.0.0, Culture=neutral, PublicKeyToken=null" name="VerifyTooltip" />
    </UnitTest>
    <UnitTest name="PerformanceOneMonth" storage="d:\jenkins\workspace\sse\uitest\sse.test\bin\release\sse.test.dll" id="46ea1297-bb6c-fd82-b0ac-55dd4343b7a5">
      <TestMethod codeBase="d:/jenkins/workspace/sse/uitest/sse.test/bin/release/SSE.Test.DLL" adapterTypeName="Microsoft.VisualStudio.TestTools.TestTypes.Unit.UnitTestAdapter, Microsoft.VisualStudio.QualityTools.Tips.UnitTest.Adapter, Version=15.0.0.0, Culture=neutral, PublicKeyToken=b03f5f7f11d50a3a" className="SSE.Test.Charts.ChartControlTest, SSE.Test, Version=1.0.0.0, Culture=neutral, PublicKeyToken=null" name="PerformanceOneMonth" />
    </UnitTest>
    <UnitTest name="CP_Company_Transformer" storage="d:\jenkins\workspace\sse\uitest\sse.test\bin\release\sse.test.dll" id="2d12898a-fd37-c1a9-08c6-4c2a6c66af84">
      <TestMethod codeBase="d:/jenkins/workspace/sse/uitest/sse.test/bin/release/SSE.Test.DLL" adapterTypeName="Microsoft.VisualStudio.TestTools.TestTypes.Unit.UnitTestAdapter, Microsoft.VisualStudio.QualityTools.Tips.UnitTest.Adapter, Version=15.0.0.0, Culture=neutral, PublicKeyToken=b03f5f7f11d50a3a" className="SSE.Test.GridTree.GridTreeCopyPaste, SSE.Test, Version=1.0.0.0, Culture=neutral, PublicKeyToken=null" name="CP_Company_Transformer" />
    </UnitTest>
    <UnitTest name="CheckSetAlarmLimits" storage="d:\jenkins\workspace\sse\uitest\sse.test\bin\release\sse.test.dll" id="6ffcf118-473f-56c3-331b-ed6695571b07">
      <TestMethod codeBase="d:/jenkins/workspace/sse/uitest/sse.test/bin/release/SSE.Test.DLL" adapterTypeName="Microsoft.VisualStudio.TestTools.TestTypes.Unit.UnitTestAdapter, Microsoft.VisualStudio.QualityTools.Tips.UnitTest.Adapter, Version=15.0.0.0, Culture=neutral, PublicKeyToken=b03f5f7f11d50a3a" className="SSE.Test.Alarms.SettingsTests, SSE.Test, Version=1.0.0.0, Culture=neutral, PublicKeyToken=null" name="CheckSetAlarmLimits" />
    </UnitTest>
    <UnitTest name="AnalyticCheckOnRegion" storage="d:\jenkins\workspace\sse\uitest\sse.test\bin\release\sse.test.dll" id="aba536f0-37e8-83a8-2e2f-0dbd74f1ccd1">
      <TestMethod codeBase="d:/jenkins/workspace/sse/uitest/sse.test/bin/release/SSE.Test.DLL" adapterTypeName="Microsoft.VisualStudio.TestTools.TestTypes.Unit.UnitTestAdapter, Microsoft.VisualStudio.QualityTools.Tips.UnitTest.Adapter, Version=15.0.0.0, Culture=neutral, PublicKeyToken=b03f5f7f11d50a3a" className="SSE.Test.GridTree.ContextMenu, SSE.Test, Version=1.0.0.0, Culture=neutral, PublicKeyToken=null" name="AnalyticCheckOnRegion" />
    </UnitTest>
    <UnitTest name="Rename_SOAPDevice_CheckStatusOfDevice" storage="d:\jenkins\workspace\sse\uitest\sse.test\bin\release\sse.test.dll" id="b293227d-cc2b-f395-6b81-fc5b77da3b9f">
      <TestMethod codeBase="d:/jenkins/workspace/sse/uitest/sse.test/bin/release/SSE.Test.DLL" adapterTypeName="Microsoft.VisualStudio.TestTools.TestTypes.Unit.UnitTestAdapter, Microsoft.VisualStudio.QualityTools.Tips.UnitTest.Adapter, Version=15.0.0.0, Culture=neutral, PublicKeyToken=b03f5f7f11d50a3a" className="SSE.Test.SSE.Test.SOAP.SOAPDevice, SSE.Test, Version=1.0.0.0, Culture=neutral, PublicKeyToken=null" name="Rename_SOAPDevice_CheckStatusOfDevice" />
    </UnitTest>
    <UnitTest name="AddPointNodeToSubstation" storage="d:\jenkins\workspace\sse\uitest\sse.test\bin\release\sse.test.dll" id="69a2aecf-0c19-1b30-9fe4-65f6ea457433">
      <TestMethod codeBase="d:/jenkins/workspace/sse/uitest/sse.test/bin/release/SSE.Test.DLL" adapterTypeName="Microsoft.VisualStudio.TestTools.TestTypes.Unit.UnitTestAdapter, Microsoft.VisualStudio.QualityTools.Tips.UnitTest.Adapter, Version=15.0.0.0, Culture=neutral, PublicKeyToken=b03f5f7f11d50a3a" className="SSE.Test.GridTree.AdditionNode, SSE.Test, Version=1.0.0.0, Culture=neutral, PublicKeyToken=null" name="AddPointNodeToSubstation" />
    </UnitTest>
    <UnitTest name="CP_IED_QTMSModbus_Substation" storage="d:\jenkins\workspace\sse\uitest\sse.test\bin\release\sse.test.dll" id="36c78605-f5a8-e19f-9879-cf931d48af2f">
      <TestMethod codeBase="d:/jenkins/workspace/sse/uitest/sse.test/bin/release/SSE.Test.DLL" adapterTypeName="Microsoft.VisualStudio.TestTools.TestTypes.Unit.UnitTestAdapter, Microsoft.VisualStudio.QualityTools.Tips.UnitTest.Adapter, Version=15.0.0.0, Culture=neutral, PublicKeyToken=b03f5f7f11d50a3a" className="SSE.Test.IEDTree.IEDTreeCopyPaste, SSE.Test, Version=1.0.0.0, Culture=neutral, PublicKeyToken=null" name="CP_IED_QTMSModbus_Substation" />
    </UnitTest>
    <UnitTest name="CP_InvalidPaste_Region_Company" storage="d:\jenkins\workspace\sse\uitest\sse.test\bin\release\sse.test.dll" id="8436966a-83b9-a37e-2cfe-9eebfe362671">
      <Properties>
        <Property>
          <Key>__Internal_DeclaringClassName__</Key>
          <Value>SSE.Test.GridTree.GridTreeCopyPaste</Value>
        </Property>
      </Properties>
      <TestMethod codeBase="d:/jenkins/workspace/sse/uitest/sse.test/bin/release/SSE.Test.DLL" adapterTypeName="Microsoft.VisualStudio.TestTools.TestTypes.Unit.UnitTestAdapter, Microsoft.VisualStudio.QualityTools.Tips.UnitTest.Adapter, Version=15.0.0.0, Culture=neutral, PublicKeyToken=b03f5f7f11d50a3a" className="SSE.Test.IEDTree.IEDTreeCopyPaste, SSE.Test, Version=1.0.0.0, Culture=neutral, PublicKeyToken=null" name="CP_InvalidPaste_Region_Company" />
    </UnitTest>
    <UnitTest name="AddRegionToCompany" storage="d:\jenkins\workspace\sse\uitest\sse.test\bin\release\sse.test.dll" id="cdba83ba-1731-202d-d0e0-5fdf94a1a52c">
      <TestMethod codeBase="d:/jenkins/workspace/sse/uitest/sse.test/bin/release/SSE.Test.DLL" adapterTypeName="Microsoft.VisualStudio.TestTools.TestTypes.Unit.UnitTestAdapter, Microsoft.VisualStudio.QualityTools.Tips.UnitTest.Adapter, Version=15.0.0.0, Culture=neutral, PublicKeyToken=b03f5f7f11d50a3a" className="SSE.Test.GridTree.AdditionNode, SSE.Test, Version=1.0.0.0, Culture=neutral, PublicKeyToken=null" name="AddRegionToCompany" />
    </UnitTest>
    <UnitTest name="AddCompanyToRegion" storage="d:\jenkins\workspace\sse\uitest\sse.test\bin\release\sse.test.dll" id="fb89a5de-adff-ca6a-f747-5c96a2c7e819">
      <TestMethod codeBase="d:/jenkins/workspace/sse/uitest/sse.test/bin/release/SSE.Test.DLL" adapterTypeName="Microsoft.VisualStudio.TestTools.TestTypes.Unit.UnitTestAdapter, Microsoft.VisualStudio.QualityTools.Tips.UnitTest.Adapter, Version=15.0.0.0, Culture=neutral, PublicKeyToken=b03f5f7f11d50a3a" className="SSE.Test.IEDTree.AdditionNode, SSE.Test, Version=1.0.0.0, Culture=neutral, PublicKeyToken=null" name="AddCompanyToRegion" />
    </UnitTest>
    <UnitTest name="GenerateDgaDataOneYear" storage="d:\jenkins\workspace\sse\uitest\sse.test\bin\release\sse.test.dll" id="0bcab050-e796-d744-1734-baa5963f0430">
      <Execution timeOut="300000" />
      <TestMethod codeBase="d:/jenkins/workspace/sse/uitest/sse.test/bin/release/SSE.Test.DLL" adapterTypeName="Microsoft.VisualStudio.TestTools.TestTypes.Unit.UnitTestAdapter, Microsoft.VisualStudio.QualityTools.Tips.UnitTest.Adapter, Version=15.0.0.0, Culture=neutral, PublicKeyToken=b03f5f7f11d50a3a" className="SSE.Test.Charts.AggregationTests, SSE.Test, Version=1.0.0.0, Culture=neutral, PublicKeyToken=null" name="GenerateDgaDataOneYear" />
    </UnitTest>
    <UnitTest name="Performance" storage="d:\jenkins\workspace\sse\uitest\sse.test\bin\release\sse.test.dll" id="62760f7e-fcfb-bd1d-7aba-4b13527d281a">
      <TestMethod codeBase="d:/jenkins/workspace/sse/uitest/sse.test/bin/release/SSE.Test.DLL" adapterTypeName="Microsoft.VisualStudio.TestTools.TestTypes.Unit.UnitTestAdapter, Microsoft.VisualStudio.QualityTools.Tips.UnitTest.Adapter, Version=15.0.0.0, Culture=neutral, PublicKeyToken=b03f5f7f11d50a3a" className="SSE.Test.Grid.Nameplate, SSE.Test, Version=1.0.0.0, Culture=neutral, PublicKeyToken=null" name="Performance" />
    </UnitTest>
    <UnitTest name="TestExists" storage="d:\jenkins\workspace\sse\uitest\sse.test\bin\release\sse.test.dll" id="7ee2da93-aa66-c3c9-0c47-124b5044a7a2">
      <TestMethod codeBase="d:/jenkins/workspace/sse/uitest/sse.test/bin/release/SSE.Test.DLL" adapterTypeName="Microsoft.VisualStudio.TestTools.TestTypes.Unit.UnitTestAdapter, Microsoft.VisualStudio.QualityTools.Tips.UnitTest.Adapter, Version=15.0.0.0, Culture=neutral, PublicKeyToken=b03f5f7f11d50a3a" className="SSE.Test.Alarms.SettingsTests, SSE.Test, Version=1.0.0.0, Culture=neutral, PublicKeyToken=null" name="TestExists" />
    </UnitTest>
    <UnitTest name="CP_Company_Region" storage="d:\jenkins\workspace\sse\uitest\sse.test\bin\release\sse.test.dll" id="0a9a9a81-c288-a15d-4972-6b128effdbca">
      <TestMethod codeBase="d:/jenkins/workspace/sse/uitest/sse.test/bin/release/SSE.Test.DLL" adapterTypeName="Microsoft.VisualStudio.TestTools.TestTypes.Unit.UnitTestAdapter, Microsoft.VisualStudio.QualityTools.Tips.UnitTest.Adapter, Version=15.0.0.0, Culture=neutral, PublicKeyToken=b03f5f7f11d50a3a" className="SSE.Test.GridTree.GridTreeCopyPaste, SSE.Test, Version=1.0.0.0, Culture=neutral, PublicKeyToken=null" name="CP_Company_Region" />
    </UnitTest>
    <UnitTest name="Invalid_SoapURL_FieldValidation" storage="d:\jenkins\workspace\sse\uitest\sse.test\bin\release\sse.test.dll" id="17a3107c-34b8-1e28-102d-3806b1f54a10">
      <TestMethod codeBase="d:/jenkins/workspace/sse/uitest/sse.test/bin/release/SSE.Test.DLL" adapterTypeName="Microsoft.VisualStudio.TestTools.TestTypes.Unit.UnitTestAdapter, Microsoft.VisualStudio.QualityTools.Tips.UnitTest.Adapter, Version=15.0.0.0, Culture=neutral, PublicKeyToken=b03f5f7f11d50a3a" className="SSE.Test.SSE.Test.SOAP.SOAPDevice, SSE.Test, Version=1.0.0.0, Culture=neutral, PublicKeyToken=null" name="Invalid_SoapURL_FieldValidation" />
    </UnitTest>
    <UnitTest name="Samples_Per_Sec" storage="d:\jenkins\workspace\sse\uitest\sse.test\bin\release\sse.test.dll" id="acfccf96-d84c-d0b4-49f0-e599a881e491">
      <TestMethod codeBase="d:/jenkins/workspace/sse/uitest/sse.test/bin/release/SSE.Test.DLL" adapterTypeName="Microsoft.VisualStudio.TestTools.TestTypes.Unit.UnitTestAdapter, Microsoft.VisualStudio.QualityTools.Tips.UnitTest.Adapter, Version=15.0.0.0, Culture=neutral, PublicKeyToken=b03f5f7f11d50a3a" className="SSE.Test.DataImport.DataImport, SSE.Test, Version=1.0.0.0, Culture=neutral, PublicKeyToken=null" name="Samples_Per_Sec" />
    </UnitTest>
    <UnitTest name="AddComponentToCompany" storage="d:\jenkins\workspace\sse\uitest\sse.test\bin\release\sse.test.dll" id="655db683-0666-c3ca-82cc-f06008999ed3">
      <TestMethod codeBase="d:/jenkins/workspace/sse/uitest/sse.test/bin/release/SSE.Test.DLL" adapterTypeName="Microsoft.VisualStudio.TestTools.TestTypes.Unit.UnitTestAdapter, Microsoft.VisualStudio.QualityTools.Tips.UnitTest.Adapter, Version=15.0.0.0, Culture=neutral, PublicKeyToken=b03f5f7f11d50a3a" className="SSE.Test.GridTree.AdditionNode, SSE.Test, Version=1.0.0.0, Culture=neutral, PublicKeyToken=null" name="AddComponentToCompany" />
    </UnitTest>
    <UnitTest name="AnalyticCheckOnSubstation" storage="d:\jenkins\workspace\sse\uitest\sse.test\bin\release\sse.test.dll" id="2149f1f9-07d0-371c-d0d5-028e1672a3b8">
      <TestMethod codeBase="d:/jenkins/workspace/sse/uitest/sse.test/bin/release/SSE.Test.DLL" adapterTypeName="Microsoft.VisualStudio.TestTools.TestTypes.Unit.UnitTestAdapter, Microsoft.VisualStudio.QualityTools.Tips.UnitTest.Adapter, Version=15.0.0.0, Culture=neutral, PublicKeyToken=b03f5f7f11d50a3a" className="SSE.Test.GridTree.ContextMenu, SSE.Test, Version=1.0.0.0, Culture=neutral, PublicKeyToken=null" name="AnalyticCheckOnSubstation" />
    </UnitTest>
    <UnitTest name="AddRootRegion" storage="d:\jenkins\workspace\sse\uitest\sse.test\bin\release\sse.test.dll" id="19afbdbc-5577-f1eb-8e6e-a17367ef06fa">
      <TestMethod codeBase="d:/jenkins/workspace/sse/uitest/sse.test/bin/release/SSE.Test.DLL" adapterTypeName="Microsoft.VisualStudio.TestTools.TestTypes.Unit.UnitTestAdapter, Microsoft.VisualStudio.QualityTools.Tips.UnitTest.Adapter, Version=15.0.0.0, Culture=neutral, PublicKeyToken=b03f5f7f11d50a3a" className="SSE.Test.GridTree.AdditionNode, SSE.Test, Version=1.0.0.0, Culture=neutral, PublicKeyToken=null" name="AddRootRegion" />
    </UnitTest>
    <UnitTest name="AddIEDSubstationToCompany" storage="d:\jenkins\workspace\sse\uitest\sse.test\bin\release\sse.test.dll" id="4ece8b4d-d5ee-75b0-f71d-3bb60eb0724d">
      <TestMethod codeBase="d:/jenkins/workspace/sse/uitest/sse.test/bin/release/SSE.Test.DLL" adapterTypeName="Microsoft.VisualStudio.TestTools.TestTypes.Unit.UnitTestAdapter, Microsoft.VisualStudio.QualityTools.Tips.UnitTest.Adapter, Version=15.0.0.0, Culture=neutral, PublicKeyToken=b03f5f7f11d50a3a" className="SSE.Test.IEDTree.AdditionNode, SSE.Test, Version=1.0.0.0, Culture=neutral, PublicKeyToken=null" name="AddIEDSubstationToCompany" />
    </UnitTest>
    <UnitTest name="AnalyticCheckOnCompany" storage="d:\jenkins\workspace\sse\uitest\sse.test\bin\release\sse.test.dll" id="eb933a35-04b1-ab01-6e7a-3e2feb09f3e0">
      <TestMethod codeBase="d:/jenkins/workspace/sse/uitest/sse.test/bin/release/SSE.Test.DLL" adapterTypeName="Microsoft.VisualStudio.TestTools.TestTypes.Unit.UnitTestAdapter, Microsoft.VisualStudio.QualityTools.Tips.UnitTest.Adapter, Version=15.0.0.0, Culture=neutral, PublicKeyToken=b03f5f7f11d50a3a" className="SSE.Test.GridTree.ContextMenu, SSE.Test, Version=1.0.0.0, Culture=neutral, PublicKeyToken=null" name="AnalyticCheckOnCompany" />
    </UnitTest>
    <UnitTest name="AddPointNodeToRegion" storage="d:\jenkins\workspace\sse\uitest\sse.test\bin\release\sse.test.dll" id="a88084ea-a256-1a3c-cbd1-99afb6ee94af">
      <TestMethod codeBase="d:/jenkins/workspace/sse/uitest/sse.test/bin/release/SSE.Test.DLL" adapterTypeName="Microsoft.VisualStudio.TestTools.TestTypes.Unit.UnitTestAdapter, Microsoft.VisualStudio.QualityTools.Tips.UnitTest.Adapter, Version=15.0.0.0, Culture=neutral, PublicKeyToken=b03f5f7f11d50a3a" className="SSE.Test.GridTree.AdditionNode, SSE.Test, Version=1.0.0.0, Culture=neutral, PublicKeyToken=null" name="AddPointNodeToRegion" />
    </UnitTest>
    <UnitTest name="CP_IED_Substation_Itself" storage="d:\jenkins\workspace\sse\uitest\sse.test\bin\release\sse.test.dll" id="cfe10e11-3801-bd70-e438-eb6b310fefc3">
      <TestMethod codeBase="d:/jenkins/workspace/sse/uitest/sse.test/bin/release/SSE.Test.DLL" adapterTypeName="Microsoft.VisualStudio.TestTools.TestTypes.Unit.UnitTestAdapter, Microsoft.VisualStudio.QualityTools.Tips.UnitTest.Adapter, Version=15.0.0.0, Culture=neutral, PublicKeyToken=b03f5f7f11d50a3a" className="SSE.Test.IEDTree.IEDTreeCopyPaste, SSE.Test, Version=1.0.0.0, Culture=neutral, PublicKeyToken=null" name="CP_IED_Substation_Itself" />
    </UnitTest>
    <UnitTest name="CP_InvalidPaste_Company_Component" storage="d:\jenkins\workspace\sse\uitest\sse.test\bin\release\sse.test.dll" id="b31ceefe-3612-8954-4990-6398f7ddb01e">
      <Properties>
        <Property>
          <Key>__Internal_DeclaringClassName__</Key>
          <Value>SSE.Test.GridTree.GridTreeCopyPaste</Value>
        </Property>
      </Properties>
      <TestMethod codeBase="d:/jenkins/workspace/sse/uitest/sse.test/bin/release/SSE.Test.DLL" adapterTypeName="Microsoft.VisualStudio.TestTools.TestTypes.Unit.UnitTestAdapter, Microsoft.VisualStudio.QualityTools.Tips.UnitTest.Adapter, Version=15.0.0.0, Culture=neutral, PublicKeyToken=b03f5f7f11d50a3a" className="SSE.Test.IEDTree.IEDTreeCopyPaste, SSE.Test, Version=1.0.0.0, Culture=neutral, PublicKeyToken=null" name="CP_InvalidPaste_Company_Component" />
    </UnitTest>
    <UnitTest name="CP_Substation_Itself" storage="d:\jenkins\workspace\sse\uitest\sse.test\bin\release\sse.test.dll" id="efd56d45-a552-4d52-742d-c57ebb36945a">
      <TestMethod codeBase="d:/jenkins/workspace/sse/uitest/sse.test/bin/release/SSE.Test.DLL" adapterTypeName="Microsoft.VisualStudio.TestTools.TestTypes.Unit.UnitTestAdapter, Microsoft.VisualStudio.QualityTools.Tips.UnitTest.Adapter, Version=15.0.0.0, Culture=neutral, PublicKeyToken=b03f5f7f11d50a3a" className="SSE.Test.GridTree.GridTreeCopyPaste, SSE.Test, Version=1.0.0.0, Culture=neutral, PublicKeyToken=null" name="CP_Substation_Itself" />
    </UnitTest>
    <UnitTest name="PerformanceOneWeek" storage="d:\jenkins\workspace\sse\uitest\sse.test\bin\release\sse.test.dll" id="e35e290b-d2e9-a6e6-70d2-11eca9ce67a9">
      <TestMethod codeBase="d:/jenkins/workspace/sse/uitest/sse.test/bin/release/SSE.Test.DLL" adapterTypeName="Microsoft.VisualStudio.TestTools.TestTypes.Unit.UnitTestAdapter, Microsoft.VisualStudio.QualityTools.Tips.UnitTest.Adapter, Version=15.0.0.0, Culture=neutral, PublicKeyToken=b03f5f7f11d50a3a" className="SSE.Test.Charts.ChartControlTest, SSE.Test, Version=1.0.0.0, Culture=neutral, PublicKeyToken=null" name="PerformanceOneWeek" />
    </UnitTest>
    <UnitTest name="Verify_NavigationWidget_Substation_Company" storage="d:\jenkins\workspace\sse\uitest\sse.test\bin\release\sse.test.dll" id="fac92edd-8cc2-483c-44ed-6a5b23e52c8f">
      <TestMethod codeBase="d:/jenkins/workspace/sse/uitest/sse.test/bin/release/SSE.Test.DLL" adapterTypeName="Microsoft.VisualStudio.TestTools.TestTypes.Unit.UnitTestAdapter, Microsoft.VisualStudio.QualityTools.Tips.UnitTest.Adapter, Version=15.0.0.0, Culture=neutral, PublicKeyToken=b03f5f7f11d50a3a" className="SSE.Test.Dashboard.NavigationWidget, SSE.Test, Version=1.0.0.0, Culture=neutral, PublicKeyToken=null" name="Verify_NavigationWidget_Substation_Company" />
    </UnitTest>
    <UnitTest name="Verify_NavigationWidget_Company_Pointnode" storage="d:\jenkins\workspace\sse\uitest\sse.test\bin\release\sse.test.dll" id="a5949fb1-e1ea-bccb-893b-cb00bd8d7b1b">
      <TestMethod codeBase="d:/jenkins/workspace/sse/uitest/sse.test/bin/release/SSE.Test.DLL" adapterTypeName="Microsoft.VisualStudio.TestTools.TestTypes.Unit.UnitTestAdapter, Microsoft.VisualStudio.QualityTools.Tips.UnitTest.Adapter, Version=15.0.0.0, Culture=neutral, PublicKeyToken=b03f5f7f11d50a3a" className="SSE.Test.Dashboard.NavigationWidget, SSE.Test, Version=1.0.0.0, Culture=neutral, PublicKeyToken=null" name="Verify_NavigationWidget_Company_Pointnode" />
    </UnitTest>
    <UnitTest name="CP_InvalidPaste_Company_Component" storage="d:\jenkins\workspace\sse\uitest\sse.test\bin\release\sse.test.dll" id="6d4a5ea1-eaca-8ab2-3c70-a47da8959bd0">
      <TestMethod codeBase="d:/jenkins/workspace/sse/uitest/sse.test/bin/release/SSE.Test.DLL" adapterTypeName="Microsoft.VisualStudio.TestTools.TestTypes.Unit.UnitTestAdapter, Microsoft.VisualStudio.QualityTools.Tips.UnitTest.Adapter, Version=15.0.0.0, Culture=neutral, PublicKeyToken=b03f5f7f11d50a3a" className="SSE.Test.GridTree.GridTreeCopyPaste, SSE.Test, Version=1.0.0.0, Culture=neutral, PublicKeyToken=null" name="CP_InvalidPaste_Company_Component" />
    </UnitTest>
    <UnitTest name="Blank_SoapURL_FieldValidation" storage="d:\jenkins\workspace\sse\uitest\sse.test\bin\release\sse.test.dll" id="0fc35dcc-4792-81d3-043f-27d1512bf113">
      <TestMethod codeBase="d:/jenkins/workspace/sse/uitest/sse.test/bin/release/SSE.Test.DLL" adapterTypeName="Microsoft.VisualStudio.TestTools.TestTypes.Unit.UnitTestAdapter, Microsoft.VisualStudio.QualityTools.Tips.UnitTest.Adapter, Version=15.0.0.0, Culture=neutral, PublicKeyToken=b03f5f7f11d50a3a" className="SSE.Test.SSE.Test.SOAP.SOAPDevice, SSE.Test, Version=1.0.0.0, Culture=neutral, PublicKeyToken=null" name="Blank_SoapURL_FieldValidation" />
    </UnitTest>
    <UnitTest name="AddIEDOnCompany" storage="d:\jenkins\workspace\sse\uitest\sse.test\bin\release\sse.test.dll" id="c93b35e9-9ac3-7132-c7b3-bc0f106dc45d">
      <TestMethod codeBase="d:/jenkins/workspace/sse/uitest/sse.test/bin/release/SSE.Test.DLL" adapterTypeName="Microsoft.VisualStudio.TestTools.TestTypes.Unit.UnitTestAdapter, Microsoft.VisualStudio.QualityTools.Tips.UnitTest.Adapter, Version=15.0.0.0, Culture=neutral, PublicKeyToken=b03f5f7f11d50a3a" className="SSE.Test.IEDTree.AdditionNode, SSE.Test, Version=1.0.0.0, Culture=neutral, PublicKeyToken=null" name="AddIEDOnCompany" />
    </UnitTest>
    <UnitTest name="VerifyPollRateForThreeMinutes" storage="d:\jenkins\workspace\sse\uitest\sse.test\bin\release\sse.test.dll" id="df0b3448-44b9-e21a-22a2-8b4c74c21032">
      <TestMethod codeBase="d:/jenkins/workspace/sse/uitest/sse.test/bin/release/SSE.Test.DLL" adapterTypeName="Microsoft.VisualStudio.TestTools.TestTypes.Unit.UnitTestAdapter, Microsoft.VisualStudio.QualityTools.Tips.UnitTest.Adapter, Version=15.0.0.0, Culture=neutral, PublicKeyToken=b03f5f7f11d50a3a" className="SSE.Test.SSE.Test.SOAP.SoapMeasurements, SSE.Test, Version=1.0.0.0, Culture=neutral, PublicKeyToken=null" name="VerifyPollRateForThreeMinutes" />
    </UnitTest>
    <UnitTest name="VerifyImageOnDashboard_15MB" storage="d:\jenkins\workspace\sse\uitest\sse.test\bin\release\sse.test.dll" id="9b88d43b-575f-ef43-796c-306248a3e816">
      <TestMethod codeBase="d:/jenkins/workspace/sse/uitest/sse.test/bin/release/SSE.Test.DLL" adapterTypeName="Microsoft.VisualStudio.TestTools.TestTypes.Unit.UnitTestAdapter, Microsoft.VisualStudio.QualityTools.Tips.UnitTest.Adapter, Version=15.0.0.0, Culture=neutral, PublicKeyToken=b03f5f7f11d50a3a" className="SSE.Test.Dashboard.DashboardImages, SSE.Test, Version=1.0.0.0, Culture=neutral, PublicKeyToken=null" name="VerifyImageOnDashboard_15MB" />
    </UnitTest>
    <UnitTest name="TestButtonOpenDialog" storage="d:\jenkins\workspace\sse\uitest\sse.test\bin\release\sse.test.dll" id="e1f9dbee-f6b7-c3f2-3e54-3dd4849e3d74">
      <TestMethod codeBase="d:/jenkins/workspace/sse/uitest/sse.test/bin/release/SSE.Test.DLL" adapterTypeName="Microsoft.VisualStudio.TestTools.TestTypes.Unit.UnitTestAdapter, Microsoft.VisualStudio.QualityTools.Tips.UnitTest.Adapter, Version=15.0.0.0, Culture=neutral, PublicKeyToken=b03f5f7f11d50a3a" className="SSE.Test.Charts.PrintChartTest, SSE.Test, Version=1.0.0.0, Culture=neutral, PublicKeyToken=null" name="TestButtonOpenDialog" />
    </UnitTest>
    <UnitTest name="Soap_UnsavedChanges" storage="d:\jenkins\workspace\sse\uitest\sse.test\bin\release\sse.test.dll" id="74feaa1b-bc67-12b9-37b9-07e7fdf1f3de">
      <TestMethod codeBase="d:/jenkins/workspace/sse/uitest/sse.test/bin/release/SSE.Test.DLL" adapterTypeName="Microsoft.VisualStudio.TestTools.TestTypes.Unit.UnitTestAdapter, Microsoft.VisualStudio.QualityTools.Tips.UnitTest.Adapter, Version=15.0.0.0, Culture=neutral, PublicKeyToken=b03f5f7f11d50a3a" className="SSE.Test.SSE.Test.SOAP.SOAPDevice, SSE.Test, Version=1.0.0.0, Culture=neutral, PublicKeyToken=null" name="Soap_UnsavedChanges" />
    </UnitTest>
    <UnitTest name="Data_Insertion_Merging" storage="d:\jenkins\workspace\sse\uitest\sse.test\bin\release\sse.test.dll" id="42b3d5f2-6eb6-6fb1-d5f4-12b0d5d789b4">
      <TestMethod codeBase="d:/jenkins/workspace/sse/uitest/sse.test/bin/release/SSE.Test.DLL" adapterTypeName="Microsoft.VisualStudio.TestTools.TestTypes.Unit.UnitTestAdapter, Microsoft.VisualStudio.QualityTools.Tips.UnitTest.Adapter, Version=15.0.0.0, Culture=neutral, PublicKeyToken=b03f5f7f11d50a3a" className="SSE.Test.DataImport.DataImport, SSE.Test, Version=1.0.0.0, Culture=neutral, PublicKeyToken=null" name="Data_Insertion_Merging" />
    </UnitTest>
    <UnitTest name="AddCompanyToCompany" storage="d:\jenkins\workspace\sse\uitest\sse.test\bin\release\sse.test.dll" id="c0cd967e-ec85-eadb-61c5-6f63b2c4385d">
      <TestMethod codeBase="d:/jenkins/workspace/sse/uitest/sse.test/bin/release/SSE.Test.DLL" adapterTypeName="Microsoft.VisualStudio.TestTools.TestTypes.Unit.UnitTestAdapter, Microsoft.VisualStudio.QualityTools.Tips.UnitTest.Adapter, Version=15.0.0.0, Culture=neutral, PublicKeyToken=b03f5f7f11d50a3a" className="SSE.Test.GridTree.AdditionNode, SSE.Test, Version=1.0.0.0, Culture=neutral, PublicKeyToken=null" name="AddCompanyToCompany" />
    </UnitTest>
    <UnitTest name="Mapping_Compare" storage="d:\jenkins\workspace\sse\uitest\sse.test\bin\release\sse.test.dll" id="b6fb33be-0f24-71fc-7d6e-c2985af04c34">
      <TestMethod codeBase="d:/jenkins/workspace/sse/uitest/sse.test/bin/release/SSE.Test.DLL" adapterTypeName="Microsoft.VisualStudio.TestTools.TestTypes.Unit.UnitTestAdapter, Microsoft.VisualStudio.QualityTools.Tips.UnitTest.Adapter, Version=15.0.0.0, Culture=neutral, PublicKeyToken=b03f5f7f11d50a3a" className="SSE.Test.SSE.Test.SOAP.SOAPDevice, SSE.Test, Version=1.0.0.0, Culture=neutral, PublicKeyToken=null" name="Mapping_Compare" />
    </UnitTest>
    <UnitTest name="AddSubstationToCompany" storage="d:\jenkins\workspace\sse\uitest\sse.test\bin\release\sse.test.dll" id="6f850308-5060-21a0-b376-4d6f293d2d11">
      <TestMethod codeBase="d:/jenkins/workspace/sse/uitest/sse.test/bin/release/SSE.Test.DLL" adapterTypeName="Microsoft.VisualStudio.TestTools.TestTypes.Unit.UnitTestAdapter, Microsoft.VisualStudio.QualityTools.Tips.UnitTest.Adapter, Version=15.0.0.0, Culture=neutral, PublicKeyToken=b03f5f7f11d50a3a" className="SSE.Test.GridTree.AdditionNode, SSE.Test, Version=1.0.0.0, Culture=neutral, PublicKeyToken=null" name="AddSubstationToCompany" />
    </UnitTest>
    <UnitTest name="AddSubstationToRegion" storage="d:\jenkins\workspace\sse\uitest\sse.test\bin\release\sse.test.dll" id="e8f1b90a-c352-153f-f1ce-39767c3fd306">
      <TestMethod codeBase="d:/jenkins/workspace/sse/uitest/sse.test/bin/release/SSE.Test.DLL" adapterTypeName="Microsoft.VisualStudio.TestTools.TestTypes.Unit.UnitTestAdapter, Microsoft.VisualStudio.QualityTools.Tips.UnitTest.Adapter, Version=15.0.0.0, Culture=neutral, PublicKeyToken=b03f5f7f11d50a3a" className="SSE.Test.GridTree.AdditionNode, SSE.Test, Version=1.0.0.0, Culture=neutral, PublicKeyToken=null" name="AddSubstationToRegion" />
    </UnitTest>
    <UnitTest name="TestButtonOpenDialog" storage="d:\jenkins\workspace\sse\uitest\sse.test\bin\release\sse.test.dll" id="f45eb9fb-51b8-b6c7-cb33-12e2d4a2e471">
      <TestMethod codeBase="d:/jenkins/workspace/sse/uitest/sse.test/bin/release/SSE.Test.DLL" adapterTypeName="Microsoft.VisualStudio.TestTools.TestTypes.Unit.UnitTestAdapter, Microsoft.VisualStudio.QualityTools.Tips.UnitTest.Adapter, Version=15.0.0.0, Culture=neutral, PublicKeyToken=b03f5f7f11d50a3a" className="SSE.Test.Charts.ChartExportTest, SSE.Test, Version=1.0.0.0, Culture=neutral, PublicKeyToken=null" name="TestButtonOpenDialog" />
    </UnitTest>
    <UnitTest name="CP_Substation_Itself_Hotkeys" storage="d:\jenkins\workspace\sse\uitest\sse.test\bin\release\sse.test.dll" id="2f755818-86a3-cdbc-c764-46e4c4b332bd">
      <TestMethod codeBase="d:/jenkins/workspace/sse/uitest/sse.test/bin/release/SSE.Test.DLL" adapterTypeName="Microsoft.VisualStudio.TestTools.TestTypes.Unit.UnitTestAdapter, Microsoft.VisualStudio.QualityTools.Tips.UnitTest.Adapter, Version=15.0.0.0, Culture=neutral, PublicKeyToken=b03f5f7f11d50a3a" className="SSE.Test.GridTree.GridTreeCopyPaste, SSE.Test, Version=1.0.0.0, Culture=neutral, PublicKeyToken=null" name="CP_Substation_Itself_Hotkeys" />
    </UnitTest>
    <UnitTest name="PerformanceOneDay" storage="d:\jenkins\workspace\sse\uitest\sse.test\bin\release\sse.test.dll" id="f8b6ccec-4250-1075-6ee5-6e2d7c7268f1">
      <TestMethod codeBase="d:/jenkins/workspace/sse/uitest/sse.test/bin/release/SSE.Test.DLL" adapterTypeName="Microsoft.VisualStudio.TestTools.TestTypes.Unit.UnitTestAdapter, Microsoft.VisualStudio.QualityTools.Tips.UnitTest.Adapter, Version=15.0.0.0, Culture=neutral, PublicKeyToken=b03f5f7f11d50a3a" className="SSE.Test.Charts.ChartControlTest, SSE.Test, Version=1.0.0.0, Culture=neutral, PublicKeyToken=null" name="PerformanceOneDay" />
    </UnitTest>
    <UnitTest name="DataExportStartEnd" storage="d:\jenkins\workspace\sse\uitest\sse.test\bin\release\sse.test.dll" id="fbfde8e7-8716-425a-27cb-10d3275c23fb">
      <TestMethod codeBase="d:/jenkins/workspace/sse/uitest/sse.test/bin/release/SSE.Test.DLL" adapterTypeName="Microsoft.VisualStudio.TestTools.TestTypes.Unit.UnitTestAdapter, Microsoft.VisualStudio.QualityTools.Tips.UnitTest.Adapter, Version=15.0.0.0, Culture=neutral, PublicKeyToken=b03f5f7f11d50a3a" className="SSE.Test.DataExport.DataExport, SSE.Test, Version=1.0.0.0, Culture=neutral, PublicKeyToken=null" name="DataExportStartEnd" />
    </UnitTest>
    <UnitTest name="CheckUnitsInPanes" storage="d:\jenkins\workspace\sse\uitest\sse.test\bin\release\sse.test.dll" id="276bfef2-8ae4-7fec-1b3c-02aeb08d2f85">
      <TestMethod codeBase="d:/jenkins/workspace/sse/uitest/sse.test/bin/release/SSE.Test.DLL" adapterTypeName="Microsoft.VisualStudio.TestTools.TestTypes.Unit.UnitTestAdapter, Microsoft.VisualStudio.QualityTools.Tips.UnitTest.Adapter, Version=15.0.0.0, Culture=neutral, PublicKeyToken=b03f5f7f11d50a3a" className="SSE.Test.Charts.ChartControlTest, SSE.Test, Version=1.0.0.0, Culture=neutral, PublicKeyToken=null" name="CheckUnitsInPanes" />
    </UnitTest>
    <UnitTest name="CP_Region_Substation" storage="d:\jenkins\workspace\sse\uitest\sse.test\bin\release\sse.test.dll" id="f5a94edd-9e25-2c52-0803-d761958cc895">
      <Properties>
        <Property>
          <Key>__Internal_DeclaringClassName__</Key>
          <Value>SSE.Test.GridTree.GridTreeCopyPaste</Value>
        </Property>
      </Properties>
      <TestMethod codeBase="d:/jenkins/workspace/sse/uitest/sse.test/bin/release/SSE.Test.DLL" adapterTypeName="Microsoft.VisualStudio.TestTools.TestTypes.Unit.UnitTestAdapter, Microsoft.VisualStudio.QualityTools.Tips.UnitTest.Adapter, Version=15.0.0.0, Culture=neutral, PublicKeyToken=b03f5f7f11d50a3a" className="SSE.Test.IEDTree.IEDTreeCopyPaste, SSE.Test, Version=1.0.0.0, Culture=neutral, PublicKeyToken=null" name="CP_Region_Substation" />
    </UnitTest>
    <UnitTest name="Demottmapping" storage="d:\jenkins\workspace\sse\uitest\sse.test\bin\release\sse.test.dll" id="0b474142-3710-32d4-fed8-673305fea45c">
      <TestMethod codeBase="d:/jenkins/workspace/sse/uitest/sse.test/bin/release/SSE.Test.DLL" adapterTypeName="Microsoft.VisualStudio.TestTools.TestTypes.Unit.UnitTestAdapter, Microsoft.VisualStudio.QualityTools.Tips.UnitTest.Adapter, Version=15.0.0.0, Culture=neutral, PublicKeyToken=b03f5f7f11d50a3a" className="SSE.Test.SSE.Test.SOAP.SOAPDevice, SSE.Test, Version=1.0.0.0, Culture=neutral, PublicKeyToken=null" name="Demottmapping" />
    </UnitTest>
    <UnitTest name="CP_IED_Company_Itself" storage="d:\jenkins\workspace\sse\uitest\sse.test\bin\release\sse.test.dll" id="162dc554-58f7-0938-ce62-d47eaa98b49e">
      <TestMethod codeBase="d:/jenkins/workspace/sse/uitest/sse.test/bin/release/SSE.Test.DLL" adapterTypeName="Microsoft.VisualStudio.TestTools.TestTypes.Unit.UnitTestAdapter, Microsoft.VisualStudio.QualityTools.Tips.UnitTest.Adapter, Version=15.0.0.0, Culture=neutral, PublicKeyToken=b03f5f7f11d50a3a" className="SSE.Test.IEDTree.IEDTreeCopyPaste, SSE.Test, Version=1.0.0.0, Culture=neutral, PublicKeyToken=null" name="CP_IED_Company_Itself" />
    </UnitTest>
    <UnitTest name="CP_IED_Region_Itself" storage="d:\jenkins\workspace\sse\uitest\sse.test\bin\release\sse.test.dll" id="aac5191e-58cc-1709-3f9b-40ecafbc356c">
      <TestMethod codeBase="d:/jenkins/workspace/sse/uitest/sse.test/bin/release/SSE.Test.DLL" adapterTypeName="Microsoft.VisualStudio.TestTools.TestTypes.Unit.UnitTestAdapter, Microsoft.VisualStudio.QualityTools.Tips.UnitTest.Adapter, Version=15.0.0.0, Culture=neutral, PublicKeyToken=b03f5f7f11d50a3a" className="SSE.Test.IEDTree.IEDTreeCopyPaste, SSE.Test, Version=1.0.0.0, Culture=neutral, PublicKeyToken=null" name="CP_IED_Region_Itself" />
    </UnitTest>
    <UnitTest name="DropOnChart" storage="d:\jenkins\workspace\sse\uitest\sse.test\bin\release\sse.test.dll" id="c3914076-0e6f-e212-971c-b5f1037bee6a">
      <TestMethod codeBase="d:/jenkins/workspace/sse/uitest/sse.test/bin/release/SSE.Test.DLL" adapterTypeName="Microsoft.VisualStudio.TestTools.TestTypes.Unit.UnitTestAdapter, Microsoft.VisualStudio.QualityTools.Tips.UnitTest.Adapter, Version=15.0.0.0, Culture=neutral, PublicKeyToken=b03f5f7f11d50a3a" className="SSE.Test.Charts.ChartControlTest, SSE.Test, Version=1.0.0.0, Culture=neutral, PublicKeyToken=null" name="DropOnChart" />
    </UnitTest>
    <UnitTest name="CP_Region_Itself" storage="d:\jenkins\workspace\sse\uitest\sse.test\bin\release\sse.test.dll" id="8a9129a6-5304-56dc-0bb6-6f01104e0719">
      <Properties>
        <Property>
          <Key>__Internal_DeclaringClassName__</Key>
          <Value>SSE.Test.GridTree.GridTreeCopyPaste</Value>
        </Property>
      </Properties>
      <TestMethod codeBase="d:/jenkins/workspace/sse/uitest/sse.test/bin/release/SSE.Test.DLL" adapterTypeName="Microsoft.VisualStudio.TestTools.TestTypes.Unit.UnitTestAdapter, Microsoft.VisualStudio.QualityTools.Tips.UnitTest.Adapter, Version=15.0.0.0, Culture=neutral, PublicKeyToken=b03f5f7f11d50a3a" className="SSE.Test.IEDTree.IEDTreeCopyPaste, SSE.Test, Version=1.0.0.0, Culture=neutral, PublicKeyToken=null" name="CP_Region_Itself" />
    </UnitTest>
    <UnitTest name="CP_Transformer_Itself_hotkeys" storage="d:\jenkins\workspace\sse\uitest\sse.test\bin\release\sse.test.dll" id="bcc931b7-3d43-63ed-4974-e0a048336154">
      <Properties>
        <Property>
          <Key>__Internal_DeclaringClassName__</Key>
          <Value>SSE.Test.GridTree.GridTreeCopyPaste</Value>
        </Property>
      </Properties>
      <TestMethod codeBase="d:/jenkins/workspace/sse/uitest/sse.test/bin/release/SSE.Test.DLL" adapterTypeName="Microsoft.VisualStudio.TestTools.TestTypes.Unit.UnitTestAdapter, Microsoft.VisualStudio.QualityTools.Tips.UnitTest.Adapter, Version=15.0.0.0, Culture=neutral, PublicKeyToken=b03f5f7f11d50a3a" className="SSE.Test.IEDTree.IEDTreeCopyPaste, SSE.Test, Version=1.0.0.0, Culture=neutral, PublicKeyToken=null" name="CP_Transformer_Itself_hotkeys" />
    </UnitTest>
    <UnitTest name="CP_Region_Substation" storage="d:\jenkins\workspace\sse\uitest\sse.test\bin\release\sse.test.dll" id="499b9308-16ac-7251-2282-eaa0695f782f">
      <TestMethod codeBase="d:/jenkins/workspace/sse/uitest/sse.test/bin/release/SSE.Test.DLL" adapterTypeName="Microsoft.VisualStudio.TestTools.TestTypes.Unit.UnitTestAdapter, Microsoft.VisualStudio.QualityTools.Tips.UnitTest.Adapter, Version=15.0.0.0, Culture=neutral, PublicKeyToken=b03f5f7f11d50a3a" className="SSE.Test.GridTree.GridTreeCopyPaste, SSE.Test, Version=1.0.0.0, Culture=neutral, PublicKeyToken=null" name="CP_Region_Substation" />
    </UnitTest>
    <UnitTest name="CP_Region_Itself_hotkeys" storage="d:\jenkins\workspace\sse\uitest\sse.test\bin\release\sse.test.dll" id="3d59400f-dd08-5c9f-d245-aff909b4bf6f">
      <TestMethod codeBase="d:/jenkins/workspace/sse/uitest/sse.test/bin/release/SSE.Test.DLL" adapterTypeName="Microsoft.VisualStudio.TestTools.TestTypes.Unit.UnitTestAdapter, Microsoft.VisualStudio.QualityTools.Tips.UnitTest.Adapter, Version=15.0.0.0, Culture=neutral, PublicKeyToken=b03f5f7f11d50a3a" className="SSE.Test.GridTree.GridTreeCopyPaste, SSE.Test, Version=1.0.0.0, Culture=neutral, PublicKeyToken=null" name="CP_Region_Itself_hotkeys" />
    </UnitTest>
    <UnitTest name="TestButtonExists" storage="d:\jenkins\workspace\sse\uitest\sse.test\bin\release\sse.test.dll" id="4eab762f-fba2-7c03-34c4-a281d5887098">
      <TestMethod codeBase="d:/jenkins/workspace/sse/uitest/sse.test/bin/release/SSE.Test.DLL" adapterTypeName="Microsoft.VisualStudio.TestTools.TestTypes.Unit.UnitTestAdapter, Microsoft.VisualStudio.QualityTools.Tips.UnitTest.Adapter, Version=15.0.0.0, Culture=neutral, PublicKeyToken=b03f5f7f11d50a3a" className="SSE.Test.Charts.ChartExportTest, SSE.Test, Version=1.0.0.0, Culture=neutral, PublicKeyToken=null" name="TestButtonExists" />
    </UnitTest>
    <UnitTest name="CP_Transformer_Itself" storage="d:\jenkins\workspace\sse\uitest\sse.test\bin\release\sse.test.dll" id="59277e85-1b53-0aa1-adf0-6ebf28c8c20b">
      <TestMethod codeBase="d:/jenkins/workspace/sse/uitest/sse.test/bin/release/SSE.Test.DLL" adapterTypeName="Microsoft.VisualStudio.TestTools.TestTypes.Unit.UnitTestAdapter, Microsoft.VisualStudio.QualityTools.Tips.UnitTest.Adapter, Version=15.0.0.0, Culture=neutral, PublicKeyToken=b03f5f7f11d50a3a" className="SSE.Test.GridTree.GridTreeCopyPaste, SSE.Test, Version=1.0.0.0, Culture=neutral, PublicKeyToken=null" name="CP_Transformer_Itself" />
    </UnitTest>
    <UnitTest name="AddRegionToSubstation" storage="d:\jenkins\workspace\sse\uitest\sse.test\bin\release\sse.test.dll" id="4ed1f3bd-c9c5-890c-4db8-dd03ec9a3ba2">
      <TestMethod codeBase="d:/jenkins/workspace/sse/uitest/sse.test/bin/release/SSE.Test.DLL" adapterTypeName="Microsoft.VisualStudio.TestTools.TestTypes.Unit.UnitTestAdapter, Microsoft.VisualStudio.QualityTools.Tips.UnitTest.Adapter, Version=15.0.0.0, Culture=neutral, PublicKeyToken=b03f5f7f11d50a3a" className="SSE.Test.GridTree.AdditionNode, SSE.Test, Version=1.0.0.0, Culture=neutral, PublicKeyToken=null" name="AddRegionToSubstation" />
    </UnitTest>
    <UnitTest name="AddRegionToRegion" storage="d:\jenkins\workspace\sse\uitest\sse.test\bin\release\sse.test.dll" id="6ec6c489-7ea1-0a79-5a18-7ae96322b730">
      <TestMethod codeBase="d:/jenkins/workspace/sse/uitest/sse.test/bin/release/SSE.Test.DLL" adapterTypeName="Microsoft.VisualStudio.TestTools.TestTypes.Unit.UnitTestAdapter, Microsoft.VisualStudio.QualityTools.Tips.UnitTest.Adapter, Version=15.0.0.0, Culture=neutral, PublicKeyToken=b03f5f7f11d50a3a" className="SSE.Test.GridTree.AdditionNode, SSE.Test, Version=1.0.0.0, Culture=neutral, PublicKeyToken=null" name="AddRegionToRegion" />
    </UnitTest>
    <UnitTest name="AddIEDSubstationToRegion" storage="d:\jenkins\workspace\sse\uitest\sse.test\bin\release\sse.test.dll" id="1ca8b6c3-5175-18c6-8df6-7b171c260e2d">
      <TestMethod codeBase="d:/jenkins/workspace/sse/uitest/sse.test/bin/release/SSE.Test.DLL" adapterTypeName="Microsoft.VisualStudio.TestTools.TestTypes.Unit.UnitTestAdapter, Microsoft.VisualStudio.QualityTools.Tips.UnitTest.Adapter, Version=15.0.0.0, Culture=neutral, PublicKeyToken=b03f5f7f11d50a3a" className="SSE.Test.IEDTree.AdditionNode, SSE.Test, Version=1.0.0.0, Culture=neutral, PublicKeyToken=null" name="AddIEDSubstationToRegion" />
    </UnitTest>
    <UnitTest name="DropOnList" storage="d:\jenkins\workspace\sse\uitest\sse.test\bin\release\sse.test.dll" id="6b2dbb69-970a-f86c-c182-b44a092d4873">
      <TestMethod codeBase="d:/jenkins/workspace/sse/uitest/sse.test/bin/release/SSE.Test.DLL" adapterTypeName="Microsoft.VisualStudio.TestTools.TestTypes.Unit.UnitTestAdapter, Microsoft.VisualStudio.QualityTools.Tips.UnitTest.Adapter, Version=15.0.0.0, Culture=neutral, PublicKeyToken=b03f5f7f11d50a3a" className="SSE.Test.Charts.ChartControlTest, SSE.Test, Version=1.0.0.0, Culture=neutral, PublicKeyToken=null" name="DropOnList" />
    </UnitTest>
    <UnitTest name="Verify_NavigationWidget_Substation_Region" storage="d:\jenkins\workspace\sse\uitest\sse.test\bin\release\sse.test.dll" id="908b1b2b-b80b-8bd6-b6cb-3f6d8581c5ff">
      <TestMethod codeBase="d:/jenkins/workspace/sse/uitest/sse.test/bin/release/SSE.Test.DLL" adapterTypeName="Microsoft.VisualStudio.TestTools.TestTypes.Unit.UnitTestAdapter, Microsoft.VisualStudio.QualityTools.Tips.UnitTest.Adapter, Version=15.0.0.0, Culture=neutral, PublicKeyToken=b03f5f7f11d50a3a" className="SSE.Test.Dashboard.NavigationWidget, SSE.Test, Version=1.0.0.0, Culture=neutral, PublicKeyToken=null" name="Verify_NavigationWidget_Substation_Region" />
    </UnitTest>
    <UnitTest name="CP_Company_Region" storage="d:\jenkins\workspace\sse\uitest\sse.test\bin\release\sse.test.dll" id="d971f6a0-b1f3-b835-c5b4-5200e345640c">
      <Properties>
        <Property>
          <Key>__Internal_DeclaringClassName__</Key>
          <Value>SSE.Test.GridTree.GridTreeCopyPaste</Value>
        </Property>
      </Properties>
      <TestMethod codeBase="d:/jenkins/workspace/sse/uitest/sse.test/bin/release/SSE.Test.DLL" adapterTypeName="Microsoft.VisualStudio.TestTools.TestTypes.Unit.UnitTestAdapter, Microsoft.VisualStudio.QualityTools.Tips.UnitTest.Adapter, Version=15.0.0.0, Culture=neutral, PublicKeyToken=b03f5f7f11d50a3a" className="SSE.Test.IEDTree.IEDTreeCopyPaste, SSE.Test, Version=1.0.0.0, Culture=neutral, PublicKeyToken=null" name="CP_Company_Region" />
    </UnitTest>
    <UnitTest name="CP_Company_Itself_hotkeys" storage="d:\jenkins\workspace\sse\uitest\sse.test\bin\release\sse.test.dll" id="e98bc7dd-467d-5bc5-6b77-25647fe43a2d">
      <Properties>
        <Property>
          <Key>__Internal_DeclaringClassName__</Key>
          <Value>SSE.Test.GridTree.GridTreeCopyPaste</Value>
        </Property>
      </Properties>
      <TestMethod codeBase="d:/jenkins/workspace/sse/uitest/sse.test/bin/release/SSE.Test.DLL" adapterTypeName="Microsoft.VisualStudio.TestTools.TestTypes.Unit.UnitTestAdapter, Microsoft.VisualStudio.QualityTools.Tips.UnitTest.Adapter, Version=15.0.0.0, Culture=neutral, PublicKeyToken=b03f5f7f11d50a3a" className="SSE.Test.IEDTree.IEDTreeCopyPaste, SSE.Test, Version=1.0.0.0, Culture=neutral, PublicKeyToken=null" name="CP_Company_Itself_hotkeys" />
    </UnitTest>
    <UnitTest name="VerifyTimezoneDisplay" storage="d:\jenkins\workspace\sse\uitest\sse.test\bin\release\sse.test.dll" id="588afa41-091b-b14b-bc9d-117cf868cb58">
      <TestMethod codeBase="d:/jenkins/workspace/sse/uitest/sse.test/bin/release/SSE.Test.DLL" adapterTypeName="Microsoft.VisualStudio.TestTools.TestTypes.Unit.UnitTestAdapter, Microsoft.VisualStudio.QualityTools.Tips.UnitTest.Adapter, Version=15.0.0.0, Culture=neutral, PublicKeyToken=b03f5f7f11d50a3a" className="SSE.Test.MainWindow.TimeZoneTooltip, SSE.Test, Version=1.0.0.0, Culture=neutral, PublicKeyToken=null" name="VerifyTimezoneDisplay" />
    </UnitTest>
    <UnitTest name="VerifyAddNodeRunMode" storage="d:\jenkins\workspace\sse\uitest\sse.test\bin\release\sse.test.dll" id="6bd06ae2-8777-3b94-210a-ef69938f993d">
      <TestMethod codeBase="d:/jenkins/workspace/sse/uitest/sse.test/bin/release/SSE.Test.DLL" adapterTypeName="Microsoft.VisualStudio.TestTools.TestTypes.Unit.UnitTestAdapter, Microsoft.VisualStudio.QualityTools.Tips.UnitTest.Adapter, Version=15.0.0.0, Culture=neutral, PublicKeyToken=b03f5f7f11d50a3a" className="SSE.Test.CommonTree.RunMode, SSE.Test, Version=1.0.0.0, Culture=neutral, PublicKeyToken=null" name="VerifyAddNodeRunMode" />
    </UnitTest>
    <UnitTest name="SoapParent_FieldValidation" storage="d:\jenkins\workspace\sse\uitest\sse.test\bin\release\sse.test.dll" id="b66166c1-6ea2-beed-97af-23f544725a07">
      <TestMethod codeBase="d:/jenkins/workspace/sse/uitest/sse.test/bin/release/SSE.Test.DLL" adapterTypeName="Microsoft.VisualStudio.TestTools.TestTypes.Unit.UnitTestAdapter, Microsoft.VisualStudio.QualityTools.Tips.UnitTest.Adapter, Version=15.0.0.0, Culture=neutral, PublicKeyToken=b03f5f7f11d50a3a" className="SSE.Test.SSE.Test.SOAP.SOAPDevice, SSE.Test, Version=1.0.0.0, Culture=neutral, PublicKeyToken=null" name="SoapParent_FieldValidation" />
    </UnitTest>
    <UnitTest name="Verify_NavigationWidget_Company_Substation" storage="d:\jenkins\workspace\sse\uitest\sse.test\bin\release\sse.test.dll" id="c4f61274-804f-04e2-8b59-1b40183431cc">
      <TestMethod codeBase="d:/jenkins/workspace/sse/uitest/sse.test/bin/release/SSE.Test.DLL" adapterTypeName="Microsoft.VisualStudio.TestTools.TestTypes.Unit.UnitTestAdapter, Microsoft.VisualStudio.QualityTools.Tips.UnitTest.Adapter, Version=15.0.0.0, Culture=neutral, PublicKeyToken=b03f5f7f11d50a3a" className="SSE.Test.Dashboard.NavigationWidget, SSE.Test, Version=1.0.0.0, Culture=neutral, PublicKeyToken=null" name="Verify_NavigationWidget_Company_Substation" />
    </UnitTest>
    <UnitTest name="CP_InvalidPaste_Region_Company" storage="d:\jenkins\workspace\sse\uitest\sse.test\bin\release\sse.test.dll" id="bea8e247-f897-0f0b-3247-0e43ef09ecc5">
      <TestMethod codeBase="d:/jenkins/workspace/sse/uitest/sse.test/bin/release/SSE.Test.DLL" adapterTypeName="Microsoft.VisualStudio.TestTools.TestTypes.Unit.UnitTestAdapter, Microsoft.VisualStudio.QualityTools.Tips.UnitTest.Adapter, Version=15.0.0.0, Culture=neutral, PublicKeyToken=b03f5f7f11d50a3a" className="SSE.Test.GridTree.GridTreeCopyPaste, SSE.Test, Version=1.0.0.0, Culture=neutral, PublicKeyToken=null" name="CP_InvalidPaste_Region_Company" />
    </UnitTest>
    <UnitTest name="CheckDeleteOne" storage="d:\jenkins\workspace\sse\uitest\sse.test\bin\release\sse.test.dll" id="de18d4e7-4a43-f95d-1f92-bf9811384ca2">
      <TestMethod codeBase="d:/jenkins/workspace/sse/uitest/sse.test/bin/release/SSE.Test.DLL" adapterTypeName="Microsoft.VisualStudio.TestTools.TestTypes.Unit.UnitTestAdapter, Microsoft.VisualStudio.QualityTools.Tips.UnitTest.Adapter, Version=15.0.0.0, Culture=neutral, PublicKeyToken=b03f5f7f11d50a3a" className="SSE.Test.Charts.ChartControlTest, SSE.Test, Version=1.0.0.0, Culture=neutral, PublicKeyToken=null" name="CheckDeleteOne" />
    </UnitTest>
    <UnitTest name="AddComponentToRegion" storage="d:\jenkins\workspace\sse\uitest\sse.test\bin\release\sse.test.dll" id="82ccd150-631a-f573-134b-7670edc3f2a7">
      <TestMethod codeBase="d:/jenkins/workspace/sse/uitest/sse.test/bin/release/SSE.Test.DLL" adapterTypeName="Microsoft.VisualStudio.TestTools.TestTypes.Unit.UnitTestAdapter, Microsoft.VisualStudio.QualityTools.Tips.UnitTest.Adapter, Version=15.0.0.0, Culture=neutral, PublicKeyToken=b03f5f7f11d50a3a" className="SSE.Test.GridTree.AdditionNode, SSE.Test, Version=1.0.0.0, Culture=neutral, PublicKeyToken=null" name="AddComponentToRegion" />
    </UnitTest>
    <UnitTest name="CP_Region_Itself" storage="d:\jenkins\workspace\sse\uitest\sse.test\bin\release\sse.test.dll" id="1a8fbbe0-6ea2-590e-f1fa-5097eaa48c3f">
      <TestMethod codeBase="d:/jenkins/workspace/sse/uitest/sse.test/bin/release/SSE.Test.DLL" adapterTypeName="Microsoft.VisualStudio.TestTools.TestTypes.Unit.UnitTestAdapter, Microsoft.VisualStudio.QualityTools.Tips.UnitTest.Adapter, Version=15.0.0.0, Culture=neutral, PublicKeyToken=b03f5f7f11d50a3a" className="SSE.Test.GridTree.GridTreeCopyPaste, SSE.Test, Version=1.0.0.0, Culture=neutral, PublicKeyToken=null" name="CP_Region_Itself" />
    </UnitTest>
    <UnitTest name="Data_Insertion" storage="d:\jenkins\workspace\sse\uitest\sse.test\bin\release\sse.test.dll" id="f948c23f-644f-d0c9-f08c-94abe3d93bde">
      <TestMethod codeBase="d:/jenkins/workspace/sse/uitest/sse.test/bin/release/SSE.Test.DLL" adapterTypeName="Microsoft.VisualStudio.TestTools.TestTypes.Unit.UnitTestAdapter, Microsoft.VisualStudio.QualityTools.Tips.UnitTest.Adapter, Version=15.0.0.0, Culture=neutral, PublicKeyToken=b03f5f7f11d50a3a" className="SSE.Test.DataImport.DataImport, SSE.Test, Version=1.0.0.0, Culture=neutral, PublicKeyToken=null" name="Data_Insertion" />
    </UnitTest>
    <UnitTest name="CP_Company_Substation" storage="d:\jenkins\workspace\sse\uitest\sse.test\bin\release\sse.test.dll" id="ba370fb1-7782-7091-309d-c5a2b80a5240">
      <TestMethod codeBase="d:/jenkins/workspace/sse/uitest/sse.test/bin/release/SSE.Test.DLL" adapterTypeName="Microsoft.VisualStudio.TestTools.TestTypes.Unit.UnitTestAdapter, Microsoft.VisualStudio.QualityTools.Tips.UnitTest.Adapter, Version=15.0.0.0, Culture=neutral, PublicKeyToken=b03f5f7f11d50a3a" className="SSE.Test.GridTree.GridTreeCopyPaste, SSE.Test, Version=1.0.0.0, Culture=neutral, PublicKeyToken=null" name="CP_Company_Substation" />
    </UnitTest>
    <UnitTest name="CP_IED_Soap_Company" storage="d:\jenkins\workspace\sse\uitest\sse.test\bin\release\sse.test.dll" id="225cb0a4-9a76-b81e-52db-ac870b0d7e63">
[...]
        <TestResult executionId="4266c0f8-2ddd-41a9-b086-a774266523a5" parentExecutionId="f43491b4-a1ec-4a09-83ee-63915d7f8b86" testId="aac5191e-58cc-1709-3f9b-40ecafbc356c" testName="CP_IED_Region_Itself" computerName="USSETEST01-PC" testType="13cdc9d9-ddb5-4fa4-a97d-d965ccfc6d4b" outcome="NotExecuted" testListId="8c84fa94-04c1-424b-9868-57a2d4851a1d" relativeResultsDirectory="4266c0f8-2ddd-41a9-b086-a774266523a5" />
        <TestResult executionId="810a4d42-c425-467f-b686-ee8d978599de" parentExecutionId="f43491b4-a1ec-4a09-83ee-63915d7f8b86" testId="225cb0a4-9a76-b81e-52db-ac870b0d7e63" testName="CP_IED_Soap_Company" computerName="USSETEST01-PC" testType="13cdc9d9-ddb5-4fa4-a97d-d965ccfc6d4b" outcome="NotExecuted" testListId="8c84fa94-04c1-424b-9868-57a2d4851a1d" relativeResultsDirectory="810a4d42-c425-467f-b686-ee8d978599de" />
        <TestResult executionId="87cc57f3-6beb-420b-b8ed-ccd35e1ea370" parentExecutionId="f43491b4-a1ec-4a09-83ee-63915d7f8b86" testId="80ec319d-073e-e00c-84d8-989594c0e007" testName="CP_IED_Soap_Region" computerName="USSETEST01-PC" testType="13cdc9d9-ddb5-4fa4-a97d-d965ccfc6d4b" outcome="NotExecuted" testListId="8c84fa94-04c1-424b-9868-57a2d4851a1d" relativeResultsDirectory="87cc57f3-6beb-420b-b8ed-ccd35e1ea370" />
        <TestResult executionId="8ddac161-6fb6-40d8-8a77-46bcd5b73c4f" parentExecutionId="f43491b4-a1ec-4a09-83ee-63915d7f8b86" testId="aaaa93ee-d0c7-6e41-d6c5-e02e843b64b1" testName="CP_IED_Soap_Substation" computerName="USSETEST01-PC" testType="13cdc9d9-ddb5-4fa4-a97d-d965ccfc6d4b" outcome="NotExecuted" testListId="8c84fa94-04c1-424b-9868-57a2d4851a1d" relativeResultsDirectory="8ddac161-6fb6-40d8-8a77-46bcd5b73c4f" />
        <TestResult executionId="52618e5d-7b2f-45fe-ac3c-52d60e263815" parentExecutionId="f43491b4-a1ec-4a09-83ee-63915d7f8b86" testId="cfe10e11-3801-bd70-e438-eb6b310fefc3" testName="CP_IED_Substation_Itself" computerName="USSETEST01-PC" testType="13cdc9d9-ddb5-4fa4-a97d-d965ccfc6d4b" outcome="NotExecuted" testListId="8c84fa94-04c1-424b-9868-57a2d4851a1d" relativeResultsDirectory="52618e5d-7b2f-45fe-ac3c-52d60e263815" />
        <TestResult executionId="cafd8613-02e7-48c6-94d9-10795fac1737" parentExecutionId="f43491b4-a1ec-4a09-83ee-63915d7f8b86" testId="b31ceefe-3612-8954-4990-6398f7ddb01e" testName="CP_InvalidPaste_Company_Component" computerName="USSETEST01-PC" testType="13cdc9d9-ddb5-4fa4-a97d-d965ccfc6d4b" outcome="NotExecuted" testListId="8c84fa94-04c1-424b-9868-57a2d4851a1d" relativeResultsDirectory="cafd8613-02e7-48c6-94d9-10795fac1737" />
        <TestResult executionId="4d6d000e-ed05-4205-ad67-151d51e44c51" parentExecutionId="f43491b4-a1ec-4a09-83ee-63915d7f8b86" testId="6d4a5ea1-eaca-8ab2-3c70-a47da8959bd0" testName="CP_InvalidPaste_Company_Component" computerName="USSETEST01-PC" testType="13cdc9d9-ddb5-4fa4-a97d-d965ccfc6d4b" outcome="NotExecuted" testListId="8c84fa94-04c1-424b-9868-57a2d4851a1d" relativeResultsDirectory="4d6d000e-ed05-4205-ad67-151d51e44c51" />
        <TestResult executionId="a2692cbf-3e0e-4b20-8c35-0f9eb3299eb2" parentExecutionId="f43491b4-a1ec-4a09-83ee-63915d7f8b86" testId="6d4a5ea1-eaca-8ab2-3c70-a47da8959bd0" testName="CP_InvalidPaste_Company_Component" computerName="USSETEST01-PC" testType="13cdc9d9-ddb5-4fa4-a97d-d965ccfc6d4b" outcome="NotExecuted" testListId="8c84fa94-04c1-424b-9868-57a2d4851a1d" relativeResultsDirectory="a2692cbf-3e0e-4b20-8c35-0f9eb3299eb2" />
        <TestResult executionId="4f37d566-9fa2-459d-85c4-2000b51dd573" parentExecutionId="f43491b4-a1ec-4a09-83ee-63915d7f8b86" testId="8436966a-83b9-a37e-2cfe-9eebfe362671" testName="CP_InvalidPaste_Region_Company" computerName="USSETEST01-PC" testType="13cdc9d9-ddb5-4fa4-a97d-d965ccfc6d4b" outcome="NotExecuted" testListId="8c84fa94-04c1-424b-9868-57a2d4851a1d" relativeResultsDirectory="4f37d566-9fa2-459d-85c4-2000b51dd573" />
        <TestResult executionId="7d7be572-61d8-4691-aaf0-64aabde5c40c" parentExecutionId="f43491b4-a1ec-4a09-83ee-63915d7f8b86" testId="bea8e247-f897-0f0b-3247-0e43ef09ecc5" testName="CP_InvalidPaste_Region_Company" computerName="USSETEST01-PC" testType="13cdc9d9-ddb5-4fa4-a97d-d965ccfc6d4b" outcome="NotExecuted" testListId="8c84fa94-04c1-424b-9868-57a2d4851a1d" relativeResultsDirectory="7d7be572-61d8-4691-aaf0-64aabde5c40c" />
        <TestResult executionId="e5ca2cc3-85a4-4340-a6c9-4cb83d51b8e4" parentExecutionId="f43491b4-a1ec-4a09-83ee-63915d7f8b86" testId="8a9129a6-5304-56dc-0bb6-6f01104e0719" testName="CP_Region_Itself" computerName="USSETEST01-PC" testType="13cdc9d9-ddb5-4fa4-a97d-d965ccfc6d4b" outcome="NotExecuted" testListId="8c84fa94-04c1-424b-9868-57a2d4851a1d" relativeResultsDirectory="e5ca2cc3-85a4-4340-a6c9-4cb83d51b8e4" />
        <TestResult executionId="1356fbe6-78e2-43d5-8bf4-0dea7378387b" parentExecutionId="f43491b4-a1ec-4a09-83ee-63915d7f8b86" testId="1a8fbbe0-6ea2-590e-f1fa-5097eaa48c3f" testName="CP_Region_Itself" computerName="USSETEST01-PC" testType="13cdc9d9-ddb5-4fa4-a97d-d965ccfc6d4b" outcome="NotExecuted" testListId="8c84fa94-04c1-424b-9868-57a2d4851a1d" relativeResultsDirectory="1356fbe6-78e2-43d5-8bf4-0dea7378387b" />
        <TestResult executionId="2db6ace0-e84b-487f-bb43-2ee004bec632" parentExecutionId="f43491b4-a1ec-4a09-83ee-63915d7f8b86" testId="8acdec5f-3b69-faa4-a2ad-8e01e10ee2cb" testName="CP_Region_Itself_hotkeys" computerName="USSETEST01-PC" testType="13cdc9d9-ddb5-4fa4-a97d-d965ccfc6d4b" outcome="NotExecuted" testListId="8c84fa94-04c1-424b-9868-57a2d4851a1d" relativeResultsDirectory="2db6ace0-e84b-487f-bb43-2ee004bec632" />
        <TestResult executionId="b87c6adc-a199-4030-86e1-b2f131ec8595" parentExecutionId="f43491b4-a1ec-4a09-83ee-63915d7f8b86" testId="3d59400f-dd08-5c9f-d245-aff909b4bf6f" testName="CP_Region_Itself_hotkeys" computerName="USSETEST01-PC" testType="13cdc9d9-ddb5-4fa4-a97d-d965ccfc6d4b" outcome="NotExecuted" testListId="8c84fa94-04c1-424b-9868-57a2d4851a1d" relativeResultsDirectory="b87c6adc-a199-4030-86e1-b2f131ec8595" />
        <TestResult executionId="3a18617e-84ee-40f2-b410-43c7fc272ccb" parentExecutionId="f43491b4-a1ec-4a09-83ee-63915d7f8b86" testId="f5a94edd-9e25-2c52-0803-d761958cc895" testName="CP_Region_Substation" computerName="USSETEST01-PC" testType="13cdc9d9-ddb5-4fa4-a97d-d965ccfc6d4b" outcome="NotExecuted" testListId="8c84fa94-04c1-424b-9868-57a2d4851a1d" relativeResultsDirectory="3a18617e-84ee-40f2-b410-43c7fc272ccb" />
        <TestResult executionId="6711cc54-eb72-4eec-bbda-06a8ff81571b" parentExecutionId="f43491b4-a1ec-4a09-83ee-63915d7f8b86" testId="499b9308-16ac-7251-2282-eaa0695f782f" testName="CP_Region_Substation" computerName="USSETEST01-PC" testType="13cdc9d9-ddb5-4fa4-a97d-d965ccfc6d4b" outcome="NotExecuted" testListId="8c84fa94-04c1-424b-9868-57a2d4851a1d" relativeResultsDirectory="6711cc54-eb72-4eec-bbda-06a8ff81571b" />
        <TestResult executionId="a3e2d9cd-3183-415e-af4f-1b8ae4ca4707" parentExecutionId="f43491b4-a1ec-4a09-83ee-63915d7f8b86" testId="9e5126f1-3370-7c9f-a8c9-c9cc233eb474" testName="CP_Region_Transformer" computerName="USSETEST01-PC" testType="13cdc9d9-ddb5-4fa4-a97d-d965ccfc6d4b" outcome="NotExecuted" testListId="8c84fa94-04c1-424b-9868-57a2d4851a1d" relativeResultsDirectory="a3e2d9cd-3183-415e-af4f-1b8ae4ca4707" />
        <TestResult executionId="ce120967-6a0f-470d-b4aa-7187118f5b08" parentExecutionId="f43491b4-a1ec-4a09-83ee-63915d7f8b86" testId="65a31390-1e22-0e04-9fd4-95f6177996e9" testName="CP_Region_Transformer" computerName="USSETEST01-PC" testType="13cdc9d9-ddb5-4fa4-a97d-d965ccfc6d4b" outcome="NotExecuted" testListId="8c84fa94-04c1-424b-9868-57a2d4851a1d" relativeResultsDirectory="ce120967-6a0f-470d-b4aa-7187118f5b08" />
        <TestResult executionId="b20c6046-2fc9-4733-a81a-8a93e5c19a3d" parentExecutionId="f43491b4-a1ec-4a09-83ee-63915d7f8b86" testId="7c5c6d72-b33e-bfbd-401e-22cad470400f" testName="CP_RunMode_Company" computerName="USSETEST01-PC" testType="13cdc9d9-ddb5-4fa4-a97d-d965ccfc6d4b" outcome="NotExecuted" testListId="8c84fa94-04c1-424b-9868-57a2d4851a1d" relativeResultsDirectory="b20c6046-2fc9-4733-a81a-8a93e5c19a3d" />
        <TestResult executionId="44890df3-3832-4137-9aa4-7d7ac7d544d1" parentExecutionId="f43491b4-a1ec-4a09-83ee-63915d7f8b86" testId="b60ca71f-2584-90aa-852a-243e8bc48b9a" testName="CP_RunMode_Company" computerName="USSETEST01-PC" testType="13cdc9d9-ddb5-4fa4-a97d-d965ccfc6d4b" outcome="NotExecuted" testListId="8c84fa94-04c1-424b-9868-57a2d4851a1d" relativeResultsDirectory="44890df3-3832-4137-9aa4-7d7ac7d544d1" />
        <TestResult executionId="b4cdb511-6da9-4bd4-8a6f-214da2edb31e" parentExecutionId="f43491b4-a1ec-4a09-83ee-63915d7f8b86" testId="6cea8428-682b-78fd-f205-3960b7359313" testName="CP_Substation_Itself" computerName="USSETEST01-PC" testType="13cdc9d9-ddb5-4fa4-a97d-d965ccfc6d4b" outcome="NotExecuted" testListId="8c84fa94-04c1-424b-9868-57a2d4851a1d" relativeResultsDirectory="b4cdb511-6da9-4bd4-8a6f-214da2edb31e" />
        <TestResult executionId="df8c0db7-2d26-4ee6-872f-aa11f06c176a" parentExecutionId="f43491b4-a1ec-4a09-83ee-63915d7f8b86" testId="efd56d45-a552-4d52-742d-c57ebb36945a" testName="CP_Substation_Itself" computerName="USSETEST01-PC" testType="13cdc9d9-ddb5-4fa4-a97d-d965ccfc6d4b" outcome="NotExecuted" testListId="8c84fa94-04c1-424b-9868-57a2d4851a1d" relativeResultsDirectory="df8c0db7-2d26-4ee6-872f-aa11f06c176a" />
        <TestResult executionId="d475233e-ab43-4638-95ba-382582eb1340" parentExecutionId="f43491b4-a1ec-4a09-83ee-63915d7f8b86" testId="9b1c9af4-28b7-2872-501d-ee7157a92ff4" testName="CP_Substation_Itself_Hotkeys" computerName="USSETEST01-PC" testType="13cdc9d9-ddb5-4fa4-a97d-d965ccfc6d4b" outcome="NotExecuted" testListId="8c84fa94-04c1-424b-9868-57a2d4851a1d" relativeResultsDirectory="d475233e-ab43-4638-95ba-382582eb1340" />
        <TestResult executionId="0e65591e-2566-42c6-a606-394875eb0f77" parentExecutionId="f43491b4-a1ec-4a09-83ee-63915d7f8b86" testId="2f755818-86a3-cdbc-c764-46e4c4b332bd" testName="CP_Substation_Itself_Hotkeys" computerName="USSETEST01-PC" testType="13cdc9d9-ddb5-4fa4-a97d-d965ccfc6d4b" outcome="NotExecuted" testListId="8c84fa94-04c1-424b-9868-57a2d4851a1d" relativeResultsDirectory="0e65591e-2566-42c6-a606-394875eb0f77" />
        <TestResult executionId="66440ad1-4738-4717-b88f-dde92cfa1ce5" parentExecutionId="f43491b4-a1ec-4a09-83ee-63915d7f8b86" testId="86356f8a-a86c-fdb5-3332-a9b615fc1954" testName="CP_Substation_Transformer" computerName="USSETEST01-PC" testType="13cdc9d9-ddb5-4fa4-a97d-d965ccfc6d4b" outcome="NotExecuted" testListId="8c84fa94-04c1-424b-9868-57a2d4851a1d" relativeResultsDirectory="66440ad1-4738-4717-b88f-dde92cfa1ce5" />
        <TestResult executionId="eb995921-1fcd-4b4b-8f4a-7ee357e5a7f5" parentExecutionId="f43491b4-a1ec-4a09-83ee-63915d7f8b86" testId="170e7396-5874-8a2b-13a0-bf76da0656bb" testName="CP_Substation_Transformer" computerName="USSETEST01-PC" testType="13cdc9d9-ddb5-4fa4-a97d-d965ccfc6d4b" outcome="NotExecuted" testListId="8c84fa94-04c1-424b-9868-57a2d4851a1d" relativeResultsDirectory="eb995921-1fcd-4b4b-8f4a-7ee357e5a7f5" />
        <TestResult executionId="7ab6434d-de6a-4a36-ab6d-aa8884cfdc96" parentExecutionId="f43491b4-a1ec-4a09-83ee-63915d7f8b86" testId="758d3c70-1a9f-51f6-1e09-13ffc6d6ed72" testName="CP_Transformer_Itself" computerName="USSETEST01-PC" testType="13cdc9d9-ddb5-4fa4-a97d-d965ccfc6d4b" outcome="NotExecuted" testListId="8c84fa94-04c1-424b-9868-57a2d4851a1d" relativeResultsDirectory="7ab6434d-de6a-4a36-ab6d-aa8884cfdc96" />
        <TestResult executionId="376e7c62-e9f7-49bd-88c5-8667c207fd2c" parentExecutionId="f43491b4-a1ec-4a09-83ee-63915d7f8b86" testId="59277e85-1b53-0aa1-adf0-6ebf28c8c20b" testName="CP_Transformer_Itself" computerName="USSETEST01-PC" testType="13cdc9d9-ddb5-4fa4-a97d-d965ccfc6d4b" outcome="NotExecuted" testListId="8c84fa94-04c1-424b-9868-57a2d4851a1d" relativeResultsDirectory="376e7c62-e9f7-49bd-88c5-8667c207fd2c" />
        <TestResult executionId="7ac4a684-3c3b-4498-8e06-a722f0910b1d" parentExecutionId="f43491b4-a1ec-4a09-83ee-63915d7f8b86" testId="bcc931b7-3d43-63ed-4974-e0a048336154" testName="CP_Transformer_Itself_hotkeys" computerName="USSETEST01-PC" testType="13cdc9d9-ddb5-4fa4-a97d-d965ccfc6d4b" outcome="NotExecuted" testListId="8c84fa94-04c1-424b-9868-57a2d4851a1d" relativeResultsDirectory="7ac4a684-3c3b-4498-8e06-a722f0910b1d" />
        <TestResult executionId="d8f0f02c-996c-48d6-a677-f6b413f9e8ce" parentExecutionId="f43491b4-a1ec-4a09-83ee-63915d7f8b86" testId="a3e9fd4d-c2bb-7836-91d2-a95d117ac2f5" testName="CP_Transformer_Itself_hotkeys" computerName="USSETEST01-PC" testType="13cdc9d9-ddb5-4fa4-a97d-d965ccfc6d4b" outcome="NotExecuted" testListId="8c84fa94-04c1-424b-9868-57a2d4851a1d" relativeResultsDirectory="d8f0f02c-996c-48d6-a677-f6b413f9e8ce" />
        <TestResult executionId="ed2f1eff-82bf-4cf8-be1f-e22de5f397a4" parentExecutionId="f43491b4-a1ec-4a09-83ee-63915d7f8b86" testId="b0140906-03f9-648d-ebf9-d00e8352c64e" testName="DataExport_10years_120points" computerName="USSETEST01-PC" testType="13cdc9d9-ddb5-4fa4-a97d-d965ccfc6d4b" outcome="NotExecuted" testListId="8c84fa94-04c1-424b-9868-57a2d4851a1d" relativeResultsDirectory="ed2f1eff-82bf-4cf8-be1f-e22de5f397a4" />
        <TestResult executionId="ee0c8543-5a0e-4d7d-9533-1f324abb80c6" parentExecutionId="f43491b4-a1ec-4a09-83ee-63915d7f8b86" testId="72e306d2-8701-fa9c-8ce2-8eaeee9b5941" testName="DataExport_10years_3650points" computerName="USSETEST01-PC" testType="13cdc9d9-ddb5-4fa4-a97d-d965ccfc6d4b" outcome="NotExecuted" testListId="8c84fa94-04c1-424b-9868-57a2d4851a1d" relativeResultsDirectory="ee0c8543-5a0e-4d7d-9533-1f324abb80c6" />
        <TestResult executionId="35bcc0da-bd26-4fe9-907f-6d5f569955bb" parentExecutionId="f43491b4-a1ec-4a09-83ee-63915d7f8b86" testId="fbfde8e7-8716-425a-27cb-10d3275c23fb" testName="DataExportStartEnd" computerName="USSETEST01-PC" testType="13cdc9d9-ddb5-4fa4-a97d-d965ccfc6d4b" outcome="NotExecuted" testListId="8c84fa94-04c1-424b-9868-57a2d4851a1d" relativeResultsDirectory="35bcc0da-bd26-4fe9-907f-6d5f569955bb" />
        <TestResult executionId="986ce3d9-0dbb-473c-85cf-e046e5403da8" parentExecutionId="f43491b4-a1ec-4a09-83ee-63915d7f8b86" testId="f948c23f-644f-d0c9-f08c-94abe3d93bde" testName="Data_Insertion" computerName="USSETEST01-PC" testType="13cdc9d9-ddb5-4fa4-a97d-d965ccfc6d4b" outcome="NotExecuted" testListId="8c84fa94-04c1-424b-9868-57a2d4851a1d" relativeResultsDirectory="986ce3d9-0dbb-473c-85cf-e046e5403da8" />
        <TestResult executionId="c8918fde-4b8e-4bd3-a654-f7d238d32dd2" parentExecutionId="f43491b4-a1ec-4a09-83ee-63915d7f8b86" testId="42b3d5f2-6eb6-6fb1-d5f4-12b0d5d789b4" testName="Data_Insertion_Merging" computerName="USSETEST01-PC" testType="13cdc9d9-ddb5-4fa4-a97d-d965ccfc6d4b" outcome="NotExecuted" testListId="8c84fa94-04c1-424b-9868-57a2d4851a1d" relativeResultsDirectory="c8918fde-4b8e-4bd3-a654-f7d238d32dd2" />
        <TestResult executionId="20596688-6368-44be-ab0c-eb4f1d82ed5d" parentExecutionId="f43491b4-a1ec-4a09-83ee-63915d7f8b86" testId="acfccf96-d84c-d0b4-49f0-e599a881e491" testName="Samples_Per_Sec" computerName="USSETEST01-PC" testType="13cdc9d9-ddb5-4fa4-a97d-d965ccfc6d4b" outcome="NotExecuted" testListId="8c84fa94-04c1-424b-9868-57a2d4851a1d" relativeResultsDirectory="20596688-6368-44be-ab0c-eb4f1d82ed5d" />
        <TestResult executionId="84a115d4-a4ec-4b05-bbfd-6262435af052" parentExecutionId="f43491b4-a1ec-4a09-83ee-63915d7f8b86" testId="b26b4b2a-f7d9-004b-acdb-e4ed1ea6b02b" testName="Test_sp_IMPORT_get_nodes_by_type" computerName="USSETEST01-PC" testType="13cdc9d9-ddb5-4fa4-a97d-d965ccfc6d4b" outcome="NotExecuted" testListId="8c84fa94-04c1-424b-9868-57a2d4851a1d" relativeResultsDirectory="84a115d4-a4ec-4b05-bbfd-6262435af052" />
        <TestResult executionId="1757f685-2d84-457d-b02f-3407a7739a65" parentExecutionId="f43491b4-a1ec-4a09-83ee-63915d7f8b86" testId="c18b824a-bd8b-cb80-caff-ecd946149d8e" testName="VerifyImageOnDashboard_10MB" computerName="USSETEST01-PC" testType="13cdc9d9-ddb5-4fa4-a97d-d965ccfc6d4b" outcome="NotExecuted" testListId="8c84fa94-04c1-424b-9868-57a2d4851a1d" relativeResultsDirectory="1757f685-2d84-457d-b02f-3407a7739a65" />
        <TestResult executionId="26f337bb-8381-482a-bfa5-06942c00c0b1" parentExecutionId="f43491b4-a1ec-4a09-83ee-63915d7f8b86" testId="9b88d43b-575f-ef43-796c-306248a3e816" testName="VerifyImageOnDashboard_15MB" computerName="USSETEST01-PC" testType="13cdc9d9-ddb5-4fa4-a97d-d965ccfc6d4b" outcome="NotExecuted" testListId="8c84fa94-04c1-424b-9868-57a2d4851a1d" relativeResultsDirectory="26f337bb-8381-482a-bfa5-06942c00c0b1" />
        <TestResult executionId="51d158c1-67ee-44fb-aaf5-77109284e925" parentExecutionId="f43491b4-a1ec-4a09-83ee-63915d7f8b86" testId="13ad9f44-360a-2a06-9606-b71671825020" testName="VerifyImageOnDashboard_20MB" computerName="USSETEST01-PC" testType="13cdc9d9-ddb5-4fa4-a97d-d965ccfc6d4b" outcome="NotExecuted" testListId="8c84fa94-04c1-424b-9868-57a2d4851a1d" relativeResultsDirectory="51d158c1-67ee-44fb-aaf5-77109284e925" />
        <TestResult executionId="16d72b2a-4aac-4c6d-8828-cfd273e97b82" parentExecutionId="f43491b4-a1ec-4a09-83ee-63915d7f8b86" testId="b9960bc5-a19d-0c8b-b10f-7334b150a2b3" testName="VerifyWidgetsPerformance_200" computerName="USSETEST01-PC" testType="13cdc9d9-ddb5-4fa4-a97d-d965ccfc6d4b" outcome="NotExecuted" testListId="8c84fa94-04c1-424b-9868-57a2d4851a1d" relativeResultsDirectory="16d72b2a-4aac-4c6d-8828-cfd273e97b82" />
        <TestResult executionId="9083fddd-f6ea-4987-9a58-b7447b1dea73" parentExecutionId="f43491b4-a1ec-4a09-83ee-63915d7f8b86" testId="104c8326-15ae-81c0-7102-38f6c7f6b13e" testName="Verify_NavigationWidget_Substation_Transformer" computerName="USSETEST01-PC" testType="13cdc9d9-ddb5-4fa4-a97d-d965ccfc6d4b" outcome="NotExecuted" testListId="8c84fa94-04c1-424b-9868-57a2d4851a1d" relativeResultsDirectory="9083fddd-f6ea-4987-9a58-b7447b1dea73" />
        <TestResult executionId="9e96a4f4-463d-4af4-81f6-d1314fbd4b04" parentExecutionId="f43491b4-a1ec-4a09-83ee-63915d7f8b86" testId="908b1b2b-b80b-8bd6-b6cb-3f6d8581c5ff" testName="Verify_NavigationWidget_Substation_Region" computerName="USSETEST01-PC" testType="13cdc9d9-ddb5-4fa4-a97d-d965ccfc6d4b" outcome="NotExecuted" testListId="8c84fa94-04c1-424b-9868-57a2d4851a1d" relativeResultsDirectory="9e96a4f4-463d-4af4-81f6-d1314fbd4b04" />
        <TestResult executionId="697cd292-2458-4a6e-b00e-108e53dfa9be" parentExecutionId="f43491b4-a1ec-4a09-83ee-63915d7f8b86" testId="fac92edd-8cc2-483c-44ed-6a5b23e52c8f" testName="Verify_NavigationWidget_Substation_Company" computerName="USSETEST01-PC" testType="13cdc9d9-ddb5-4fa4-a97d-d965ccfc6d4b" outcome="NotExecuted" testListId="8c84fa94-04c1-424b-9868-57a2d4851a1d" relativeResultsDirectory="697cd292-2458-4a6e-b00e-108e53dfa9be" />
        <TestResult executionId="1b882303-5350-4b4c-b92d-4406d7fda702" parentExecutionId="f43491b4-a1ec-4a09-83ee-63915d7f8b86" testId="c4f61274-804f-04e2-8b59-1b40183431cc" testName="Verify_NavigationWidget_Company_Substation" computerName="USSETEST01-PC" testType="13cdc9d9-ddb5-4fa4-a97d-d965ccfc6d4b" outcome="NotExecuted" testListId="8c84fa94-04c1-424b-9868-57a2d4851a1d" relativeResultsDirectory="1b882303-5350-4b4c-b92d-4406d7fda702" />
        <TestResult executionId="a44d15aa-7cda-4f38-b257-61f83eb6b852" parentExecutionId="f43491b4-a1ec-4a09-83ee-63915d7f8b86" testId="a5949fb1-e1ea-bccb-893b-cb00bd8d7b1b" testName="Verify_NavigationWidget_Company_Pointnode" computerName="USSETEST01-PC" testType="13cdc9d9-ddb5-4fa4-a97d-d965ccfc6d4b" outcome="NotExecuted" testListId="8c84fa94-04c1-424b-9868-57a2d4851a1d" relativeResultsDirectory="a44d15aa-7cda-4f38-b257-61f83eb6b852" />
      </InnerResults>
    </TestResultAggregation>
  </Results>
</TestRun>